#
# A fatal error has been detected by the Java Runtime Environment:
#
#  SIGSEGV (0xb) at pc=0x00007fff71ef8712, pid=57888, tid=5891
#
# JRE version: Java(TM) SE Runtime Environment (8.0_66-b17) (build 1.8.0_66-b17)
# Java VM: Java HotSpot(TM) 64-Bit Server VM (25.66-b17 mixed mode bsd-amd64 compressed oops)
# Problematic frame:
# C  [libsystem_platform.dylib+0x1712]  _platform_strlen+0x12
#
# Failed to write core dump. Core dumps have been disabled. To enable core dumping, try "ulimit -c unlimited" before starting Java again
#
# If you would like to submit a bug report, please visit:
#   http://bugreport.java.com/bugreport/crash.jsp
# The crash happened outside the Java Virtual Machine in native code.
# See problematic frame for where to report the bug.
#

---------------  T H R E A D  ---------------

Current thread (0x00007f9a7e003800):  JavaThread "main" [_thread_in_native, id=5891, stack(0x0000700006775000,0x0000700006875000)]

siginfo: si_signo: 11 (SIGSEGV), si_code: 1 (SEGV_MAPERR), si_addr: 0x0000000000000000

Registers:
RAX=0x0000700006873630, RBX=0x000000010f1b9770, RCX=0x0000000000000000, RDX=0x0000000000000000
RSP=0x00007000068734b0, RBP=0x00007000068734b0, RSI=0x0000000000000000, RDI=0x0000000000000000
R8 =0x00000000000130a8, R9 =0x00007fffa4d0ff78, R10=0x0000000000000000, R11=0x00007fffa4d0ff70
R12=0x0000000000000000, R13=0x000000010f1b9770, R14=0x0000700006873720, R15=0x00007f9a7e003800
RIP=0x00007fff71ef8712, EFLAGS=0x0000000000010246, ERR=0x0000000000000004
  TRAPNO=0x000000000000000e

Top of Stack: (sp=0x00007000068734b0)
0x00007000068734b0:   00007000068734d0 000000012a0bae55
0x00007000068734c0:   000000010f1b9770 0000000000000000
0x00007000068734d0:   0000700006873500 000000012a0bb581
0x00007000068734e0:   0000000000000000 0000700006873630
0x00007000068734f0:   0000000000000000 0000700006873630
0x0000700006873500:   0000700006873520 000000012a0aba1d
0x0000700006873510:   0000000000000000 0000700006873630
0x0000700006873520:   0000700006873680 000000012a0af193
0x0000700006873530:   000000000000000d 000000010f1b9770
0x0000700006873540:   00007f9a7e003800 000000010f1b9770
0x0000700006873550:   00007f9a7e003800 000000010cc20930
0x0000700006873560:   000000010f559660 000000027e003800
0x0000700006873570:   000000010f1b9770 000000010f1b9770
0x0000700006873580:   00007f9a7e003800 0000000100000003
0x0000700006873590:   0000700000000003 00007f9a7ce00b70
0x00007000068735a0:   0000000300000000 00007f9a8551f6c0
0x00007000068735b0:   00007fffa445b770 00007fffa445b770
0x00007000068735c0:   0000000000000000 00007fffa445b770
0x00007000068735d0:   0000000000000000 00007fffa445b770
0x00007000068735e0:   00007fffa445b770 000000010c5f11f6
0x00007000068735f0:   000000010f1b9770 000000010f1b9770
0x0000700006873600:   0000700006873670 000000010c6e31a7
0x0000700006873610:   00007f9a7e003800 00007f9a7e003800
0x0000700006873620:   00007f9a7e003800 000000010f1b9770
0x0000700006873630:   0000000000000000 0000000000000000
0x0000700006873640:   0000000000000000 00007f9a8551f6c0
0x0000700006873650:   0000000000000000 0000000000000000
0x0000700006873660:   0000000000000000 0000000000000000
0x0000700006873670:   0000700006873720 00007f9a7e0039f8
0x0000700006873680:   00007000068736f0 000000010fb88954
0x0000700006873690:   00007000068736f0 000000010fb886d9
0x00007000068736a0:   000000010fb94563 000000010fb886a2 

Instructions: (pc=0x00007fff71ef8712)
0x00007fff71ef86f2:   90 90 90 90 90 90 90 90 90 90 90 90 90 90 55 48
0x00007fff71ef8702:   89 e5 48 89 f9 48 89 fa 48 83 e7 f0 66 0f ef c0
0x00007fff71ef8712:   66 0f 74 07 66 0f d7 f0 48 83 e1 0f 48 83 c8 ff
0x00007fff71ef8722:   48 d3 e0 21 c6 74 17 0f bc c6 48 29 d7 48 01 f8 

Register to memory mapping:

RAX=0x0000700006873630 is pointing into the stack for thread: 0x00007f9a7e003800
RBX={method} {0x000000010f1b9770} 'saveJni' '(Ljava/lang/String;Ljava/lang/String;)Ljava/lang/String;' in 'monero/wallet/MoneroWalletJni'
RCX=0x0000000000000000 is an unknown value
RDX=0x0000000000000000 is an unknown value
RSP=0x00007000068734b0 is pointing into the stack for thread: 0x00007f9a7e003800
RBP=0x00007000068734b0 is pointing into the stack for thread: 0x00007f9a7e003800
RSI=0x0000000000000000 is an unknown value
RDI=0x0000000000000000 is an unknown value
R8 =0x00000000000130a8 is an unknown value
R9 =0x00007fffa4d0ff78: __sFX+0xf8 in /usr/lib/system/libsystem_c.dylib at 0x00007fff71d60000
R10=0x0000000000000000 is an unknown value
R11=0x00007fffa4d0ff70: __sFX+0xf0 in /usr/lib/system/libsystem_c.dylib at 0x00007fff71d60000
R12=0x0000000000000000 is an unknown value
R13={method} {0x000000010f1b9770} 'saveJni' '(Ljava/lang/String;Ljava/lang/String;)Ljava/lang/String;' in 'monero/wallet/MoneroWalletJni'
R14=0x0000700006873720 is pointing into the stack for thread: 0x00007f9a7e003800
R15=0x00007f9a7e003800 is a thread


Stack: [0x0000700006775000,0x0000700006875000],  sp=0x00007000068734b0,  free space=1017k
Native frames: (J=compiled Java code, j=interpreted, Vv=VM code, C=native code)
C  [libsystem_platform.dylib+0x1712]  _platform_strlen+0x12
C  [libmonero-java.dylib+0x11e55]  std::__1::char_traits<char>::length(char const*)+0x15
C  [libmonero-java.dylib+0x12581]  std::__1::basic_string<char, std::__1::char_traits<char>, std::__1::allocator<char> >::basic_string<std::nullptr_t>(char const*)+0x31
C  [libmonero-java.dylib+0x2a1d]  std::__1::basic_string<char, std::__1::char_traits<char>, std::__1::allocator<char> >::basic_string<std::nullptr_t>(char const*)+0x1d
C  [libmonero-java.dylib+0x6193]  Java_monero_wallet_MoneroWalletJni_saveJni+0x1c3
j  monero.wallet.MoneroWalletJni.saveJni(Ljava/lang/String;Ljava/lang/String;)Ljava/lang/String;+0
j  monero.wallet.MoneroWalletJni.save(Ljava/lang/String;Ljava/lang/String;)V+3
j  monero.wallet.MoneroWalletJni.save()V+3
j  test.TestMoneroWalletJni.testSave()V+128
v  ~StubRoutines::call_stub
V  [libjvm.dylib+0x2ea35e]  JavaCalls::call_helper(JavaValue*, methodHandle*, JavaCallArguments*, Thread*)+0x6ae
V  [libjvm.dylib+0x4ca7e0]  Reflection::invoke(instanceKlassHandle, methodHandle, Handle, bool, objArrayHandle, BasicType, objArrayHandle, bool, Thread*)+0xe12
V  [libjvm.dylib+0x4cad14]  Reflection::invoke_method(oopDesc*, Handle, objArrayHandle, Thread*)+0x16c
V  [libjvm.dylib+0x342570]  JVM_InvokeMethod+0x166
j  sun.reflect.NativeMethodAccessorImpl.invoke0(Ljava/lang/reflect/Method;Ljava/lang/Object;[Ljava/lang/Object;)Ljava/lang/Object;+0
j  sun.reflect.NativeMethodAccessorImpl.invoke(Ljava/lang/Object;[Ljava/lang/Object;)Ljava/lang/Object;+100
j  sun.reflect.DelegatingMethodAccessorImpl.invoke(Ljava/lang/Object;[Ljava/lang/Object;)Ljava/lang/Object;+6
j  java.lang.reflect.Method.invoke(Ljava/lang/Object;[Ljava/lang/Object;)Ljava/lang/Object;+56
j  org.junit.runners.model.FrameworkMethod$1.runReflectiveCall()Ljava/lang/Object;+15
j  org.junit.internal.runners.model.ReflectiveCallable.run()Ljava/lang/Object;+1
j  org.junit.runners.model.FrameworkMethod.invokeExplosively(Ljava/lang/Object;[Ljava/lang/Object;)Ljava/lang/Object;+10
j  org.junit.internal.runners.statements.InvokeMethod.evaluate()V+12
j  org.junit.runners.ParentRunner.runLeaf(Lorg/junit/runners/model/Statement;Lorg/junit/runner/Description;Lorg/junit/runner/notification/RunNotifier;)V+17
j  org.junit.runners.BlockJUnit4ClassRunner.runChild(Lorg/junit/runners/model/FrameworkMethod;Lorg/junit/runner/notification/RunNotifier;)V+30
j  org.junit.runners.BlockJUnit4ClassRunner.runChild(Ljava/lang/Object;Lorg/junit/runner/notification/RunNotifier;)V+6
j  org.junit.runners.ParentRunner$3.run()V+12
j  org.junit.runners.ParentRunner$1.schedule(Ljava/lang/Runnable;)V+1
j  org.junit.runners.ParentRunner.runChildren(Lorg/junit/runner/notification/RunNotifier;)V+44
j  org.junit.runners.ParentRunner.access$000(Lorg/junit/runners/ParentRunner;Lorg/junit/runner/notification/RunNotifier;)V+2
j  org.junit.runners.ParentRunner$2.evaluate()V+8
j  org.junit.internal.runners.statements.RunBefores.evaluate()V+49
j  org.junit.runners.ParentRunner.run(Lorg/junit/runner/notification/RunNotifier;)V+20
j  org.eclipse.jdt.internal.junit4.runner.JUnit4TestReference.run(Lorg/eclipse/jdt/internal/junit/runner/TestExecution;)V+72
j  org.eclipse.jdt.internal.junit.runner.TestExecution.run([Lorg/eclipse/jdt/internal/junit/runner/ITestReference;)V+17
j  org.eclipse.jdt.internal.junit.runner.RemoteTestRunner.runTests([Ljava/lang/String;Ljava/lang/String;Lorg/eclipse/jdt/internal/junit/runner/TestExecution;)V+62
j  org.eclipse.jdt.internal.junit.runner.RemoteTestRunner.runTests(Lorg/eclipse/jdt/internal/junit/runner/TestExecution;)V+10
j  org.eclipse.jdt.internal.junit.runner.RemoteTestRunner.run()V+70
j  org.eclipse.jdt.internal.junit.runner.RemoteTestRunner.main([Ljava/lang/String;)V+14
v  ~StubRoutines::call_stub
V  [libjvm.dylib+0x2ea35e]  JavaCalls::call_helper(JavaValue*, methodHandle*, JavaCallArguments*, Thread*)+0x6ae
V  [libjvm.dylib+0x3210d0]  jni_invoke_static(JNIEnv_*, JavaValue*, _jobject*, JNICallType, _jmethodID*, JNI_ArgumentPusher*, Thread*)+0x1bf
V  [libjvm.dylib+0x319e4a]  jni_CallStaticVoidMethod+0x15d
C  [java+0x393e]  JavaMain+0x9b1
C  [libsystem_pthread.dylib+0x32eb]  _pthread_body+0x7e
C  [libsystem_pthread.dylib+0x6249]  _pthread_start+0x42
C  [libsystem_pthread.dylib+0x240d]  thread_start+0xd
C  0x0000000000000000

Java frames: (J=compiled Java code, j=interpreted, Vv=VM code)
j  monero.wallet.MoneroWalletJni.saveJni(Ljava/lang/String;Ljava/lang/String;)Ljava/lang/String;+0
j  monero.wallet.MoneroWalletJni.save(Ljava/lang/String;Ljava/lang/String;)V+3
j  monero.wallet.MoneroWalletJni.save()V+3
j  test.TestMoneroWalletJni.testSave()V+128
v  ~StubRoutines::call_stub
j  sun.reflect.NativeMethodAccessorImpl.invoke0(Ljava/lang/reflect/Method;Ljava/lang/Object;[Ljava/lang/Object;)Ljava/lang/Object;+0
j  sun.reflect.NativeMethodAccessorImpl.invoke(Ljava/lang/Object;[Ljava/lang/Object;)Ljava/lang/Object;+100
j  sun.reflect.DelegatingMethodAccessorImpl.invoke(Ljava/lang/Object;[Ljava/lang/Object;)Ljava/lang/Object;+6
j  java.lang.reflect.Method.invoke(Ljava/lang/Object;[Ljava/lang/Object;)Ljava/lang/Object;+56
j  org.junit.runners.model.FrameworkMethod$1.runReflectiveCall()Ljava/lang/Object;+15
j  org.junit.internal.runners.model.ReflectiveCallable.run()Ljava/lang/Object;+1
j  org.junit.runners.model.FrameworkMethod.invokeExplosively(Ljava/lang/Object;[Ljava/lang/Object;)Ljava/lang/Object;+10
j  org.junit.internal.runners.statements.InvokeMethod.evaluate()V+12
j  org.junit.runners.ParentRunner.runLeaf(Lorg/junit/runners/model/Statement;Lorg/junit/runner/Description;Lorg/junit/runner/notification/RunNotifier;)V+17
j  org.junit.runners.BlockJUnit4ClassRunner.runChild(Lorg/junit/runners/model/FrameworkMethod;Lorg/junit/runner/notification/RunNotifier;)V+30
j  org.junit.runners.BlockJUnit4ClassRunner.runChild(Ljava/lang/Object;Lorg/junit/runner/notification/RunNotifier;)V+6
j  org.junit.runners.ParentRunner$3.run()V+12
j  org.junit.runners.ParentRunner$1.schedule(Ljava/lang/Runnable;)V+1
j  org.junit.runners.ParentRunner.runChildren(Lorg/junit/runner/notification/RunNotifier;)V+44
j  org.junit.runners.ParentRunner.access$000(Lorg/junit/runners/ParentRunner;Lorg/junit/runner/notification/RunNotifier;)V+2
j  org.junit.runners.ParentRunner$2.evaluate()V+8
j  org.junit.internal.runners.statements.RunBefores.evaluate()V+49
j  org.junit.runners.ParentRunner.run(Lorg/junit/runner/notification/RunNotifier;)V+20
j  org.eclipse.jdt.internal.junit4.runner.JUnit4TestReference.run(Lorg/eclipse/jdt/internal/junit/runner/TestExecution;)V+72
j  org.eclipse.jdt.internal.junit.runner.TestExecution.run([Lorg/eclipse/jdt/internal/junit/runner/ITestReference;)V+17
j  org.eclipse.jdt.internal.junit.runner.RemoteTestRunner.runTests([Ljava/lang/String;Ljava/lang/String;Lorg/eclipse/jdt/internal/junit/runner/TestExecution;)V+62
j  org.eclipse.jdt.internal.junit.runner.RemoteTestRunner.runTests(Lorg/eclipse/jdt/internal/junit/runner/TestExecution;)V+10
j  org.eclipse.jdt.internal.junit.runner.RemoteTestRunner.run()V+70
j  org.eclipse.jdt.internal.junit.runner.RemoteTestRunner.main([Ljava/lang/String;)V+14
v  ~StubRoutines::call_stub

---------------  P R O C E S S  ---------------

Java Threads: ( => current thread )
  0x00007f9a7d891000 JavaThread "ReaderThread" [_thread_in_native, id=21763, stack(0x0000700007aae000,0x0000700007bae000)]
  0x00007f9a7e04b800 JavaThread "Service Thread" daemon [_thread_blocked, id=15363, stack(0x00007000078a8000,0x00007000079a8000)]
  0x00007f9a7e036800 JavaThread "C1 CompilerThread3" daemon [_thread_blocked, id=15107, stack(0x00007000077a5000,0x00007000078a5000)]
  0x00007f9a7f04d000 JavaThread "C2 CompilerThread2" daemon [_thread_blocked, id=14595, stack(0x00007000076a2000,0x00007000077a2000)]
  0x00007f9a7f04c800 JavaThread "C2 CompilerThread1" daemon [_thread_blocked, id=16899, stack(0x000070000759f000,0x000070000769f000)]
  0x00007f9a7d802800 JavaThread "C2 CompilerThread0" daemon [_thread_blocked, id=17155, stack(0x000070000749c000,0x000070000759c000)]
  0x00007f9a7d801800 JavaThread "Signal Dispatcher" daemon [_thread_blocked, id=13827, stack(0x0000700007399000,0x0000700007499000)]
  0x00007f9a7d024000 JavaThread "Finalizer" daemon [_thread_blocked, id=18691, stack(0x0000700007296000,0x0000700007396000)]
  0x00007f9a7d023000 JavaThread "Reference Handler" daemon [_thread_blocked, id=19203, stack(0x0000700007193000,0x0000700007293000)]
=>0x00007f9a7e003800 JavaThread "main" [_thread_in_native, id=5891, stack(0x0000700006775000,0x0000700006875000)]

Other Threads:
  0x00007f9a7f005800 VMThread [stack: 0x0000700007090000,0x0000700007190000] [id=19459]
  0x00007f9a7e04c000 WatcherThread [stack: 0x00007000079ab000,0x0000700007aab000] [id=15619]

VM state:not at safepoint (normal execution)

VM Mutex/Monitor currently owned by a thread: None

Heap:
 PSYoungGen      total 76288K, used 51158K [0x000000076ab00000, 0x0000000770000000, 0x00000007c0000000)
  eden space 65536K, 78% used [0x000000076ab00000,0x000000076dcf5a20,0x000000076eb00000)
  from space 10752K, 0% used [0x000000076f580000,0x000000076f580000,0x0000000770000000)
  to   space 10752K, 0% used [0x000000076eb00000,0x000000076eb00000,0x000000076f580000)
 ParOldGen       total 175104K, used 0K [0x00000006c0000000, 0x00000006cab00000, 0x000000076ab00000)
  object space 175104K, 0% used [0x00000006c0000000,0x00000006c0000000,0x00000006cab00000)
 Metaspace       used 14137K, capacity 14338K, committed 14592K, reserved 1062912K
  class space    used 1626K, capacity 1702K, committed 1792K, reserved 1048576K

Card table byte_map: [0x000000010d786000,0x000000010df87000] byte_map_base: 0x000000010a186000

Marking Bits: (ParMarkBitMap*) 0x000000010ccdde20
 Begin Bits: [0x000000011eb73000, 0x0000000122b73000)
 End Bits:   [0x0000000122b73000, 0x0000000126b73000)

Polling page: 0x000000010b3ed000

CodeCache: size=245760Kb used=3810Kb max_used=3824Kb free=241949Kb
 bounds [0x000000010fb73000, 0x000000010ff33000, 0x000000011eb73000]
 total_blobs=1417 nmethods=1052 adapters=279
 compilation: enabled

Compilation events (10 events):
Event: 3.798 Thread 0x00007f9a7e036800 1048       3       java.nio.CharBuffer::arrayOffset (35 bytes)
Event: 3.798 Thread 0x00007f9a7e036800 nmethod 1048 0x000000010ff2af10 code [0x000000010ff2b0a0, 0x000000010ff2b3b8]
Event: 3.798 Thread 0x00007f9a7e036800 1049       3       java.util.HashMap::<init> (8 bytes)
Event: 3.798 Thread 0x00007f9a7e036800 nmethod 1049 0x000000010ff2b510 code [0x000000010ff2b6a0, 0x000000010ff2b828]
Event: 3.799 Thread 0x00007f9a7e036800 1050       3       sun.security.x509.X509CertImpl::getEncodedInternal (22 bytes)
Event: 3.800 Thread 0x00007f9a7e036800 nmethod 1050 0x000000010ff2b8d0 code [0x000000010ff2ba40, 0x000000010ff2bc68]
Event: 3.800 Thread 0x00007f9a7f04d000 1051       4       java.lang.String::regionMatches (149 bytes)
Event: 3.800 Thread 0x00007f9a7f04c800 1052 %     4       sun.security.provider.SHA::implCompress @ 122 (491 bytes)
Event: 3.805 Thread 0x00007f9a7f04d000 nmethod 1051 0x000000010ff2f190 code [0x000000010ff2f320, 0x000000010ff2fb38]
Event: 3.812 Thread 0x00007f9a7f04c800 nmethod 1052% 0x000000010ff2cf50 code [0x000000010ff2d0c0, 0x000000010ff2da58]

GC Heap History (0 events):
No events

Deoptimization events (10 events):
Event: 2.950 Thread 0x00007f9a7e003800 Uncommon trap: reason=bimorphic action=maybe_recompile pc=0x000000010fd723b4 method=java.util.regex.Pattern$CharProperty.match(Ljava/util/regex/Matcher;ILjava/lang/CharSequence;)Z @ 18
Event: 2.950 Thread 0x00007f9a7e003800 Uncommon trap: reason=bimorphic action=maybe_recompile pc=0x000000010fd723b4 method=java.util.regex.Pattern$CharProperty.match(Ljava/util/regex/Matcher;ILjava/lang/CharSequence;)Z @ 18
Event: 2.950 Thread 0x00007f9a7e003800 Uncommon trap: reason=bimorphic action=maybe_recompile pc=0x000000010fd723b4 method=java.util.regex.Pattern$CharProperty.match(Ljava/util/regex/Matcher;ILjava/lang/CharSequence;)Z @ 18
Event: 2.950 Thread 0x00007f9a7e003800 Uncommon trap: reason=bimorphic action=maybe_recompile pc=0x000000010fd723b4 method=java.util.regex.Pattern$CharProperty.match(Ljava/util/regex/Matcher;ILjava/lang/CharSequence;)Z @ 18
Event: 2.950 Thread 0x00007f9a7e003800 Uncommon trap: reason=unstable_if action=reinterpret pc=0x000000010fd719e0 method=java.util.regex.ASCII.isType(II)Z @ 6
Event: 3.420 Thread 0x00007f9a7e003800 Uncommon trap: reason=class_check action=maybe_recompile pc=0x000000010fe43d44 method=java.util.concurrent.ConcurrentHashMap.putVal(Ljava/lang/Object;Ljava/lang/Object;Z)Ljava/lang/Object; @ 192
Event: 3.452 Thread 0x00007f9a7e003800 Uncommon trap: reason=unstable_if action=reinterpret pc=0x000000010fe517dc method=java.lang.CharacterDataLatin1.digit(II)I @ 82
Event: 3.468 Thread 0x00007f9a7e003800 Uncommon trap: reason=class_check action=maybe_recompile pc=0x000000010fe43d44 method=java.util.concurrent.ConcurrentHashMap.putVal(Ljava/lang/Object;Ljava/lang/Object;Z)Ljava/lang/Object; @ 192
Event: 3.468 Thread 0x00007f9a7e003800 Uncommon trap: reason=class_check action=maybe_recompile pc=0x000000010fe43d44 method=java.util.concurrent.ConcurrentHashMap.putVal(Ljava/lang/Object;Ljava/lang/Object;Z)Ljava/lang/Object; @ 192
Event: 3.468 Thread 0x00007f9a7e003800 Uncommon trap: reason=class_check action=maybe_recompile pc=0x000000010fe43d44 method=java.util.concurrent.ConcurrentHashMap.putVal(Ljava/lang/Object;Ljava/lang/Object;Z)Ljava/lang/Object; @ 192

Internal exceptions (10 events):
Event: 0.265 Thread 0x00007f9a7e003800 Exception <a 'java/lang/ClassNotFoundException': org/apache/log4j/LayoutCustomizer> (0x000000076b72e558) thrown at [/HUDSON3/workspace/8-2-build-macosx-x86_64/jdk8u66/4988/hotspot/src/share/vm/classfile/systemDictionary.cpp, line 210]
Event: 0.266 Thread 0x00007f9a7e003800 Exception <a 'java/lang/ClassNotFoundException': org/apache/log4j/PatternLayoutCustomizer> (0x000000076b74b2a0) thrown at [/HUDSON3/workspace/8-2-build-macosx-x86_64/jdk8u66/4988/hotspot/src/share/vm/classfile/systemDictionary.cpp, line 210]
Event: 0.280 Thread 0x00007f9a7e003800 Exception <a 'java/lang/ClassNotFoundException': org/apache/log4j/ConsoleAppenderBeanInfo> (0x000000076b7b3730) thrown at [/HUDSON3/workspace/8-2-build-macosx-x86_64/jdk8u66/4988/hotspot/src/share/vm/classfile/systemDictionary.cpp, line 210]
Event: 0.280 Thread 0x00007f9a7e003800 Exception <a 'java/lang/ClassNotFoundException': org/apache/log4j/WriterAppenderBeanInfo> (0x000000076b7bfe90) thrown at [/HUDSON3/workspace/8-2-build-macosx-x86_64/jdk8u66/4988/hotspot/src/share/vm/classfile/systemDictionary.cpp, line 210]
Event: 0.281 Thread 0x00007f9a7e003800 Exception <a 'java/lang/ClassNotFoundException': org/apache/log4j/AppenderSkeletonBeanInfo> (0x000000076b7cc848) thrown at [/HUDSON3/workspace/8-2-build-macosx-x86_64/jdk8u66/4988/hotspot/src/share/vm/classfile/systemDictionary.cpp, line 210]
Event: 0.281 Thread 0x00007f9a7e003800 Exception <a 'java/lang/ClassNotFoundException': org/apache/log4j/AppenderSkeletonCustomizer> (0x000000076b9213f8) thrown at [/HUDSON3/workspace/8-2-build-macosx-x86_64/jdk8u66/4988/hotspot/src/share/vm/classfile/systemDictionary.cpp, line 210]
Event: 0.282 Thread 0x00007f9a7e003800 Exception <a 'java/lang/ClassNotFoundException': org/apache/log4j/WriterAppenderCustomizer> (0x000000076b942118) thrown at [/HUDSON3/workspace/8-2-build-macosx-x86_64/jdk8u66/4988/hotspot/src/share/vm/classfile/systemDictionary.cpp, line 210]
Event: 0.283 Thread 0x00007f9a7e003800 Exception <a 'java/lang/ClassNotFoundException': org/apache/log4j/ConsoleAppenderCustomizer> (0x000000076b95b460) thrown at [/HUDSON3/workspace/8-2-build-macosx-x86_64/jdk8u66/4988/hotspot/src/share/vm/classfile/systemDictionary.cpp, line 210]
Event: 2.939 Thread 0x00007f9a7e003800 Exception <a 'java/lang/NoSuchFieldError': method resolution failed> (0x000000076cc3a7e8) thrown at [/HUDSON3/workspace/8-2-build-macosx-x86_64/jdk8u66/4988/hotspot/src/share/vm/prims/methodHandles.cpp, line 1146]
Event: 2.940 Thread 0x00007f9a7e003800 Exception <a 'java/lang/NoSuchFieldError': method resolution failed> (0x000000076cc482a8) thrown at [/HUDSON3/workspace/8-2-build-macosx-x86_64/jdk8u66/4988/hotspot/src/share/vm/prims/methodHandles.cpp, line 1146]

Events (10 events):
Event: 3.799 loading class org/hamcrest/BaseMatcher
Event: 3.799 loading class org/hamcrest/BaseMatcher done
Event: 3.799 loading class org/hamcrest/Matcher
Event: 3.799 loading class org/hamcrest/Matcher done
Event: 3.800 loading class org/hamcrest/core/IsEqual
Event: 3.800 loading class org/hamcrest/core/IsEqual done
Event: 3.800 loading class java/util/UUID$Holder
Event: 3.800 loading class java/util/UUID$Holder done
Event: 4.090 Executing VM operation: EnableBiasedLocking
Event: 4.090 Executing VM operation: EnableBiasedLocking done


Dynamic libraries:
0x000000001a277000 	/System/Library/Frameworks/Cocoa.framework/Versions/A/Cocoa
0x000000001a277000 	/System/Library/Frameworks/Security.framework/Versions/A/Security
0x000000001a277000 	/System/Library/Frameworks/ApplicationServices.framework/Versions/A/ApplicationServices
0x000000001a277000 	/usr/lib/libz.1.dylib
0x000000001a277000 	/usr/lib/libSystem.B.dylib
0x000000001a277000 	/usr/lib/libobjc.A.dylib
0x000000001a277000 	/System/Library/Frameworks/CoreFoundation.framework/Versions/A/CoreFoundation
0x000000001a277000 	/System/Library/Frameworks/Foundation.framework/Versions/C/Foundation
0x000000001a277000 	/System/Library/Frameworks/AppKit.framework/Versions/C/AppKit
0x000000001a277000 	/System/Library/Frameworks/CoreData.framework/Versions/A/CoreData
0x000000001a277000 	/System/Library/PrivateFrameworks/RemoteViewServices.framework/Versions/A/RemoteViewServices
0x000000001a277000 	/System/Library/PrivateFrameworks/UIFoundation.framework/Versions/A/UIFoundation
0x000000001a277000 	/System/Library/PrivateFrameworks/XCTTargetBootstrap.framework/Versions/A/XCTTargetBootstrap
0x000000001a277000 	/System/Library/PrivateFrameworks/IconServices.framework/Versions/A/IconServices
0x000000001a277000 	/System/Library/Frameworks/Metal.framework/Versions/A/Metal
0x000000001a277000 	/System/Library/PrivateFrameworks/DesktopServicesPriv.framework/Versions/A/DesktopServicesPriv
0x000000001a277000 	/usr/lib/libenergytrace.dylib
0x000000001a277000 	/System/Library/PrivateFrameworks/SkyLight.framework/Versions/A/SkyLight
0x000000001a277000 	/System/Library/Frameworks/CoreGraphics.framework/Versions/A/CoreGraphics
0x000000001a277000 	/System/Library/Frameworks/Accelerate.framework/Versions/A/Accelerate
0x000000001a277000 	/System/Library/Frameworks/IOSurface.framework/Versions/A/IOSurface
0x000000001a277000 	/System/Library/PrivateFrameworks/DFRFoundation.framework/Versions/A/DFRFoundation
0x000000001a277000 	/System/Library/Frameworks/AudioToolbox.framework/Versions/A/AudioToolbox
0x000000001a277000 	/System/Library/Frameworks/AudioUnit.framework/Versions/A/AudioUnit
0x000000001a277000 	/System/Library/PrivateFrameworks/DataDetectorsCore.framework/Versions/A/DataDetectorsCore
0x000000001a277000 	/System/Library/Frameworks/Carbon.framework/Versions/A/Frameworks/HIToolbox.framework/Versions/A/HIToolbox
0x000000001a277000 	/usr/lib/libicucore.A.dylib
0x000000001a277000 	/System/Library/Frameworks/QuartzCore.framework/Versions/A/QuartzCore
0x000000001a277000 	/System/Library/Frameworks/Carbon.framework/Versions/A/Frameworks/SpeechRecognition.framework/Versions/A/SpeechRecognition
0x000000001a277000 	/usr/lib/libauto.dylib
0x000000001a277000 	/usr/lib/libxml2.2.dylib
0x000000001a277000 	/System/Library/PrivateFrameworks/CoreUI.framework/Versions/A/CoreUI
0x000000001a277000 	/System/Library/Frameworks/CoreAudio.framework/Versions/A/CoreAudio
0x000000001a277000 	/System/Library/Frameworks/DiskArbitration.framework/Versions/A/DiskArbitration
0x000000001a277000 	/usr/lib/liblangid.dylib
0x000000001a277000 	/System/Library/PrivateFrameworks/MultitouchSupport.framework/Versions/A/MultitouchSupport
0x000000001a277000 	/System/Library/Frameworks/IOKit.framework/Versions/A/IOKit
0x000000001a277000 	/usr/lib/libDiagnosticMessagesClient.dylib
0x000000001a277000 	/System/Library/Frameworks/CoreServices.framework/Versions/A/CoreServices
0x000000001a277000 	/System/Library/PrivateFrameworks/PerformanceAnalysis.framework/Versions/A/PerformanceAnalysis
0x000000001a277000 	/System/Library/Frameworks/OpenGL.framework/Versions/A/OpenGL
0x000000001a277000 	/System/Library/Frameworks/ColorSync.framework/Versions/A/ColorSync
0x000000001a277000 	/System/Library/Frameworks/CoreImage.framework/Versions/A/CoreImage
0x000000001a277000 	/System/Library/Frameworks/CoreText.framework/Versions/A/CoreText
0x000000001a277000 	/System/Library/Frameworks/ImageIO.framework/Versions/A/ImageIO
0x000000001a277000 	/System/Library/PrivateFrameworks/Backup.framework/Versions/A/Backup
0x000000001a277000 	/usr/lib/libarchive.2.dylib
0x000000001a277000 	/System/Library/Frameworks/CFNetwork.framework/Versions/A/CFNetwork
0x000000001a277000 	/System/Library/Frameworks/SystemConfiguration.framework/Versions/A/SystemConfiguration
0x000000001a277000 	/usr/lib/libCRFSuite.dylib
0x000000001a277000 	/usr/lib/libc++.1.dylib
0x000000001a277000 	/usr/lib/libc++abi.dylib
0x000000001a277000 	/usr/lib/system/libcache.dylib
0x000000001a277000 	/usr/lib/system/libcommonCrypto.dylib
0x000000001a277000 	/usr/lib/system/libcompiler_rt.dylib
0x000000001a277000 	/usr/lib/system/libcopyfile.dylib
0x000000001a277000 	/usr/lib/system/libcorecrypto.dylib
0x000000001a277000 	/usr/lib/system/libdispatch.dylib
0x000000001a277000 	/usr/lib/system/libdyld.dylib
0x000000001a277000 	/usr/lib/system/libkeymgr.dylib
0x000000001a277000 	/usr/lib/system/liblaunch.dylib
0x000000001a277000 	/usr/lib/system/libmacho.dylib
0x000000001a277000 	/usr/lib/system/libquarantine.dylib
0x000000001a277000 	/usr/lib/system/libremovefile.dylib
0x000000001a277000 	/usr/lib/system/libsystem_asl.dylib
0x000000001a277000 	/usr/lib/system/libsystem_blocks.dylib
0x000000001a277000 	/usr/lib/system/libsystem_c.dylib
0x000000001a277000 	/usr/lib/system/libsystem_configuration.dylib
0x000000001a277000 	/usr/lib/system/libsystem_coreservices.dylib
0x000000001a277000 	/usr/lib/system/libsystem_darwin.dylib
0x000000001a277000 	/usr/lib/system/libsystem_dnssd.dylib
0x000000001a277000 	/usr/lib/system/libsystem_info.dylib
0x000000001a277000 	/usr/lib/system/libsystem_m.dylib
0x000000001a277000 	/usr/lib/system/libsystem_malloc.dylib
0x000000001a277000 	/usr/lib/system/libsystem_networkextension.dylib
0x000000001a277000 	/usr/lib/system/libsystem_notify.dylib
0x000000001a277000 	/usr/lib/system/libsystem_sandbox.dylib
0x000000001a277000 	/usr/lib/system/libsystem_secinit.dylib
0x000000001a277000 	/usr/lib/system/libsystem_kernel.dylib
0x000000001a277000 	/usr/lib/system/libsystem_platform.dylib
0x000000001a277000 	/usr/lib/system/libsystem_pthread.dylib
0x000000001a277000 	/usr/lib/system/libsystem_symptoms.dylib
0x000000001a277000 	/usr/lib/system/libsystem_trace.dylib
0x000000001a277000 	/usr/lib/system/libunwind.dylib
0x000000001a277000 	/usr/lib/system/libxpc.dylib
0x000000001a277000 	/usr/lib/libbsm.0.dylib
0x000000001a277000 	/usr/lib/system/libkxld.dylib
0x000000001a277000 	/System/Library/PrivateFrameworks/AppleFSCompression.framework/Versions/A/AppleFSCompression
0x000000001a277000 	/usr/lib/libOpenScriptingUtil.dylib
0x000000001a277000 	/usr/lib/libcoretls.dylib
0x000000001a277000 	/usr/lib/libcoretls_cfhelpers.dylib
0x000000001a277000 	/usr/lib/libpam.2.dylib
0x000000001a277000 	/usr/lib/libsqlite3.dylib
0x000000001a277000 	/usr/lib/libxar.1.dylib
0x000000001a277000 	/usr/lib/libbz2.1.0.dylib
0x000000001a277000 	/usr/lib/liblzma.5.dylib
0x000000001a277000 	/usr/lib/libnetwork.dylib
0x000000001a277000 	/usr/lib/libapple_nghttp2.dylib
0x000000001a277000 	/usr/lib/libpcap.A.dylib
0x000000001a277000 	/System/Library/Frameworks/CoreServices.framework/Versions/A/Frameworks/FSEvents.framework/Versions/A/FSEvents
0x000000001a277000 	/System/Library/Frameworks/CoreServices.framework/Versions/A/Frameworks/CarbonCore.framework/Versions/A/CarbonCore
0x000000001a277000 	/System/Library/Frameworks/CoreServices.framework/Versions/A/Frameworks/Metadata.framework/Versions/A/Metadata
0x000000001a277000 	/System/Library/Frameworks/CoreServices.framework/Versions/A/Frameworks/OSServices.framework/Versions/A/OSServices
0x000000001a277000 	/System/Library/Frameworks/CoreServices.framework/Versions/A/Frameworks/SearchKit.framework/Versions/A/SearchKit
0x000000001a277000 	/System/Library/Frameworks/CoreServices.framework/Versions/A/Frameworks/AE.framework/Versions/A/AE
0x000000001a277000 	/System/Library/Frameworks/CoreServices.framework/Versions/A/Frameworks/LaunchServices.framework/Versions/A/LaunchServices
0x000000001a277000 	/System/Library/Frameworks/CoreServices.framework/Versions/A/Frameworks/DictionaryServices.framework/Versions/A/DictionaryServices
0x000000001a277000 	/System/Library/Frameworks/CoreServices.framework/Versions/A/Frameworks/SharedFileList.framework/Versions/A/SharedFileList
0x000000001a277000 	/System/Library/Frameworks/NetFS.framework/Versions/A/NetFS
0x000000001a277000 	/System/Library/PrivateFrameworks/NetAuth.framework/Versions/A/NetAuth
0x000000001a277000 	/System/Library/PrivateFrameworks/login.framework/Versions/A/Frameworks/loginsupport.framework/Versions/A/loginsupport
0x000000001a277000 	/System/Library/PrivateFrameworks/TCC.framework/Versions/A/TCC
0x000000001a277000 	/System/Library/PrivateFrameworks/CoreNLP.framework/Versions/A/CoreNLP
0x000000001a277000 	/System/Library/PrivateFrameworks/MetadataUtilities.framework/Versions/A/MetadataUtilities
0x000000001a277000 	/usr/lib/libmecabra.dylib
0x000000001a277000 	/System/Library/Frameworks/ApplicationServices.framework/Versions/A/Frameworks/ATS.framework/Versions/A/ATS
0x000000001a277000 	/System/Library/Frameworks/ApplicationServices.framework/Versions/A/Frameworks/ColorSyncLegacy.framework/Versions/A/ColorSyncLegacy
0x000000001a277000 	/System/Library/Frameworks/ApplicationServices.framework/Versions/A/Frameworks/HIServices.framework/Versions/A/HIServices
0x000000001a277000 	/System/Library/Frameworks/ApplicationServices.framework/Versions/A/Frameworks/LangAnalysis.framework/Versions/A/LangAnalysis
0x000000001a277000 	/System/Library/Frameworks/ApplicationServices.framework/Versions/A/Frameworks/PrintCore.framework/Versions/A/PrintCore
0x000000001a277000 	/System/Library/Frameworks/ApplicationServices.framework/Versions/A/Frameworks/QD.framework/Versions/A/QD
0x000000001a277000 	/System/Library/Frameworks/ApplicationServices.framework/Versions/A/Frameworks/SpeechSynthesis.framework/Versions/A/SpeechSynthesis
0x000000001a277000 	/usr/lib/libcompression.dylib
0x000000001a277000 	/System/Library/Frameworks/CoreDisplay.framework/Versions/A/CoreDisplay
0x000000001a277000 	/System/Library/Frameworks/MetalPerformanceShaders.framework/Versions/A/MetalPerformanceShaders
0x000000001a277000 	/System/Library/Frameworks/Accelerate.framework/Versions/A/Frameworks/vImage.framework/Versions/A/vImage
0x000000001a277000 	/System/Library/Frameworks/Accelerate.framework/Versions/A/Frameworks/vecLib.framework/Versions/A/vecLib
0x000000001a277000 	/System/Library/Frameworks/Accelerate.framework/Versions/A/Frameworks/vecLib.framework/Versions/A/libvMisc.dylib
0x000000001a277000 	/System/Library/Frameworks/Accelerate.framework/Versions/A/Frameworks/vecLib.framework/Versions/A/libvDSP.dylib
0x000000001a277000 	/System/Library/Frameworks/Accelerate.framework/Versions/A/Frameworks/vecLib.framework/Versions/A/libBLAS.dylib
0x000000001a277000 	/System/Library/Frameworks/Accelerate.framework/Versions/A/Frameworks/vecLib.framework/Versions/A/libLAPACK.dylib
0x000000001a277000 	/System/Library/Frameworks/Accelerate.framework/Versions/A/Frameworks/vecLib.framework/Versions/A/libLinearAlgebra.dylib
0x000000001a277000 	/System/Library/Frameworks/Accelerate.framework/Versions/A/Frameworks/vecLib.framework/Versions/A/libSparseBLAS.dylib
0x000000001a277000 	/System/Library/Frameworks/Accelerate.framework/Versions/A/Frameworks/vecLib.framework/Versions/A/libQuadrature.dylib
0x000000001a277000 	/System/Library/Frameworks/Accelerate.framework/Versions/A/Frameworks/vecLib.framework/Versions/A/libBNNS.dylib
0x000000001a277000 	/System/Library/Frameworks/Accelerate.framework/Versions/A/Frameworks/vecLib.framework/Versions/A/libSparse.dylib
0x000000001a277000 	/System/Library/PrivateFrameworks/GPUWrangler.framework/Versions/A/GPUWrangler
0x000000001a277000 	/System/Library/PrivateFrameworks/IOAccelerator.framework/Versions/A/IOAccelerator
0x000000001a277000 	/System/Library/PrivateFrameworks/IOPresentment.framework/Versions/A/IOPresentment
0x000000001a277000 	/System/Library/PrivateFrameworks/DSExternalDisplay.framework/Versions/A/DSExternalDisplay
0x000000001a277000 	/System/Library/Frameworks/OpenGL.framework/Versions/A/Libraries/libCoreFSCache.dylib
0x000000001a277000 	/System/Library/Frameworks/MetalPerformanceShaders.framework/Frameworks/MPSCore.framework/Versions/A/MPSCore
0x000000001a277000 	/System/Library/Frameworks/MetalPerformanceShaders.framework/Frameworks/MPSImage.framework/Versions/A/MPSImage
0x000000001a277000 	/System/Library/Frameworks/MetalPerformanceShaders.framework/Frameworks/MPSNeuralNetwork.framework/Versions/A/MPSNeuralNetwork
0x000000001a277000 	/System/Library/Frameworks/MetalPerformanceShaders.framework/Frameworks/MPSMatrix.framework/Versions/A/MPSMatrix
0x000000001a277000 	/System/Library/Frameworks/MetalPerformanceShaders.framework/Frameworks/MPSRayIntersector.framework/Versions/A/MPSRayIntersector
0x000000001a277000 	/System/Library/PrivateFrameworks/MetalTools.framework/Versions/A/MetalTools
0x000000001a277000 	/System/Library/PrivateFrameworks/AggregateDictionary.framework/Versions/A/AggregateDictionary
0x000000001a277000 	/usr/lib/libMobileGestalt.dylib
0x000000001a277000 	/System/Library/Frameworks/CoreVideo.framework/Versions/A/CoreVideo
0x000000001a277000 	/System/Library/PrivateFrameworks/GraphVisualizer.framework/Versions/A/GraphVisualizer
0x000000001a277000 	/System/Library/PrivateFrameworks/FaceCore.framework/Versions/A/FaceCore
0x000000001a277000 	/System/Library/Frameworks/OpenCL.framework/Versions/A/OpenCL
0x000000001a277000 	/usr/lib/libFosl_dynamic.dylib
0x000000001a277000 	/System/Library/PrivateFrameworks/OTSVG.framework/Versions/A/OTSVG
0x000000001a277000 	/System/Library/Frameworks/ApplicationServices.framework/Versions/A/Frameworks/ATS.framework/Versions/A/Resources/libFontParser.dylib
0x000000001a277000 	/System/Library/Frameworks/ApplicationServices.framework/Versions/A/Frameworks/ATS.framework/Versions/A/Resources/libFontRegistry.dylib
0x000000001a277000 	/System/Library/Frameworks/ImageIO.framework/Versions/A/Resources/libJPEG.dylib
0x000000001a277000 	/System/Library/Frameworks/ImageIO.framework/Versions/A/Resources/libTIFF.dylib
0x000000001a277000 	/System/Library/Frameworks/ImageIO.framework/Versions/A/Resources/libPng.dylib
0x000000001a277000 	/System/Library/Frameworks/ImageIO.framework/Versions/A/Resources/libGIF.dylib
0x000000001a277000 	/System/Library/Frameworks/ImageIO.framework/Versions/A/Resources/libJP2.dylib
0x000000001a277000 	/System/Library/Frameworks/ImageIO.framework/Versions/A/Resources/libRadiance.dylib
0x000000001a277000 	/System/Library/PrivateFrameworks/AppleJPEG.framework/Versions/A/AppleJPEG
0x000000001a277000 	/System/Library/Frameworks/OpenGL.framework/Versions/A/Libraries/libGFXShared.dylib
0x000000001a277000 	/System/Library/Frameworks/OpenGL.framework/Versions/A/Libraries/libGLU.dylib
0x000000001a277000 	/System/Library/Frameworks/OpenGL.framework/Versions/A/Libraries/libGL.dylib
0x000000001a277000 	/System/Library/Frameworks/OpenGL.framework/Versions/A/Libraries/libGLImage.dylib
0x000000001a277000 	/System/Library/Frameworks/OpenGL.framework/Versions/A/Libraries/libCVMSPluginSupport.dylib
0x000000001a277000 	/System/Library/Frameworks/OpenGL.framework/Versions/A/Libraries/libCoreVMClient.dylib
0x000000001a277000 	/usr/lib/libcups.2.dylib
0x000000001a277000 	/System/Library/Frameworks/Kerberos.framework/Versions/A/Kerberos
0x000000001a277000 	/System/Library/Frameworks/GSS.framework/Versions/A/GSS
0x000000001a277000 	/usr/lib/libresolv.9.dylib
0x000000001a277000 	/usr/lib/libiconv.2.dylib
0x000000001a277000 	/System/Library/PrivateFrameworks/Heimdal.framework/Versions/A/Heimdal
0x000000001a277000 	/usr/lib/libheimdal-asn1.dylib
0x000000001a277000 	/System/Library/Frameworks/OpenDirectory.framework/Versions/A/OpenDirectory
0x000000001a277000 	/System/Library/PrivateFrameworks/CommonAuth.framework/Versions/A/CommonAuth
0x000000001a277000 	/System/Library/Frameworks/OpenDirectory.framework/Versions/A/Frameworks/CFOpenDirectory.framework/Versions/A/CFOpenDirectory
0x000000001a277000 	/System/Library/Frameworks/SecurityFoundation.framework/Versions/A/SecurityFoundation
0x000000001a277000 	/System/Library/PrivateFrameworks/APFS.framework/Versions/A/APFS
0x000000001a277000 	/usr/lib/libutil.dylib
0x000000001a277000 	/usr/lib/libcharset.1.dylib
0x000000001a277000 	/System/Library/PrivateFrameworks/AppleSauce.framework/Versions/A/AppleSauce
0x000000001a277000 	/System/Library/PrivateFrameworks/AssertionServices.framework/Versions/A/AssertionServices
0x000000001a277000 	/System/Library/PrivateFrameworks/BaseBoard.framework/Versions/A/BaseBoard
0x000000001a277000 	/usr/lib/libmecab.1.0.0.dylib
0x000000001a277000 	/usr/lib/libgermantok.dylib
0x000000001a277000 	/usr/lib/libThaiTokenizer.dylib
0x000000001a277000 	/usr/lib/libChineseTokenizer.dylib
0x000000001a277000 	/System/Library/PrivateFrameworks/LanguageModeling.framework/Versions/A/LanguageModeling
0x000000001a277000 	/System/Library/PrivateFrameworks/CoreEmoji.framework/Versions/A/CoreEmoji
0x000000001a277000 	/System/Library/PrivateFrameworks/Lexicon.framework/Versions/A/Lexicon
0x000000001a277000 	/System/Library/PrivateFrameworks/LinguisticData.framework/Versions/A/LinguisticData
0x000000001a277000 	/usr/lib/libcmph.dylib
0x000000001a277000 	/System/Library/Frameworks/ServiceManagement.framework/Versions/A/ServiceManagement
0x000000001a277000 	/System/Library/PrivateFrameworks/BackgroundTaskManagement.framework/Versions/A/BackgroundTaskManagement
0x000000001a277000 	/usr/lib/libxslt.1.dylib
0x000000001a277000 	/System/Library/Frameworks/Carbon.framework/Versions/A/Frameworks/Ink.framework/Versions/A/Ink
0x000000001a277000 	/System/Library/PrivateFrameworks/TextureIO.framework/Versions/A/TextureIO
0x000000001a277000 	/usr/lib/libate.dylib
0x000000001a277000 	/System/Library/PrivateFrameworks/CrashReporterSupport.framework/Versions/A/CrashReporterSupport
0x000000001a277000 	/System/Library/PrivateFrameworks/Sharing.framework/Versions/A/Sharing
0x000000001a277000 	/System/Library/PrivateFrameworks/AuthKit.framework/Versions/A/AuthKit
0x000000001a277000 	/System/Library/PrivateFrameworks/Apple80211.framework/Versions/A/Apple80211
0x000000001a277000 	/System/Library/PrivateFrameworks/CoreUtils.framework/Versions/A/CoreUtils
0x000000001a277000 	/System/Library/Frameworks/CoreWLAN.framework/Versions/A/CoreWLAN
0x000000001a277000 	/System/Library/Frameworks/IOBluetooth.framework/Versions/A/IOBluetooth
0x000000001a277000 	/System/Library/PrivateFrameworks/ProtocolBuffer.framework/Versions/A/ProtocolBuffer
0x000000001a277000 	/System/Library/PrivateFrameworks/MobileKeyBag.framework/Versions/A/MobileKeyBag
0x000000001a277000 	/System/Library/PrivateFrameworks/CorePhoneNumbers.framework/Versions/A/CorePhoneNumbers
0x000000001a277000 	/System/Library/PrivateFrameworks/AppleIDAuthSupport.framework/Versions/A/AppleIDAuthSupport
0x000000001a277000 	/System/Library/PrivateFrameworks/KeychainCircle.framework/Versions/A/KeychainCircle
0x000000001a277000 	/System/Library/PrivateFrameworks/ROCKit.framework/Versions/A/ROCKit
0x000000001a277000 	/System/Library/PrivateFrameworks/CoreWiFi.framework/Versions/A/CoreWiFi
0x000000001a277000 	/System/Library/Frameworks/CoreBluetooth.framework/Versions/A/CoreBluetooth
0x000000001a277000 	/System/Library/PrivateFrameworks/DebugSymbols.framework/Versions/A/DebugSymbols
0x000000001a277000 	/System/Library/PrivateFrameworks/CoreSymbolication.framework/Versions/A/CoreSymbolication
0x000000001a277000 	/System/Library/PrivateFrameworks/Symbolication.framework/Versions/A/Symbolication
0x000000001a277000 	/System/Library/PrivateFrameworks/SpeechRecognitionCore.framework/Versions/A/SpeechRecognitionCore
0x000000010c400000 	/Library/Java/JavaVirtualMachines/jdk1.8.0_66.jdk/Contents/Home/jre/lib/server/libjvm.dylib
0x000000001a277000 	/usr/lib/libstdc++.6.dylib
0x000000010b3aa000 	/Library/Java/JavaVirtualMachines/jdk1.8.0_66.jdk/Contents/Home/jre/lib/libverify.dylib
0x000000010b3b8000 	/Library/Java/JavaVirtualMachines/jdk1.8.0_66.jdk/Contents/Home/jre/lib/libjava.dylib
0x000000010b3f7000 	/Library/Java/JavaVirtualMachines/jdk1.8.0_66.jdk/Contents/Home/jre/lib/libzip.dylib
0x000000001a277000 	/System/Library/Frameworks/JavaVM.framework/Versions/A/Frameworks/JavaRuntimeSupport.framework/Versions/A/JavaRuntimeSupport
0x000000001a277000 	/System/Library/Frameworks/JavaVM.framework/Versions/A/Frameworks/JavaNativeFoundation.framework/Versions/A/JavaNativeFoundation
0x000000001a277000 	/System/Library/Frameworks/JavaVM.framework/Versions/A/JavaVM
0x000000001a277000 	/System/Library/Frameworks/Carbon.framework/Versions/A/Carbon
0x000000001a277000 	/System/Library/PrivateFrameworks/JavaLaunching.framework/Versions/A/JavaLaunching
0x000000001a277000 	/System/Library/Frameworks/Carbon.framework/Versions/A/Frameworks/CommonPanels.framework/Versions/A/CommonPanels
0x000000001a277000 	/System/Library/Frameworks/Carbon.framework/Versions/A/Frameworks/Help.framework/Versions/A/Help
0x000000001a277000 	/System/Library/Frameworks/Carbon.framework/Versions/A/Frameworks/ImageCapture.framework/Versions/A/ImageCapture
0x000000001a277000 	/System/Library/Frameworks/Carbon.framework/Versions/A/Frameworks/OpenScripting.framework/Versions/A/OpenScripting
0x000000001a277000 	/System/Library/Frameworks/Carbon.framework/Versions/A/Frameworks/Print.framework/Versions/A/Print
0x000000001a277000 	/System/Library/Frameworks/Carbon.framework/Versions/A/Frameworks/SecurityHI.framework/Versions/A/SecurityHI
0x0000000129ffa000 	/Library/Java/JavaVirtualMachines/jdk1.8.0_66.jdk/Contents/Home/jre/lib/libnet.dylib
0x000000012a0a9000 	/Users/Eric/git/monero-java-rpc/lib/libmonero-java.dylib
0x000000012a2e3000 	/Users/Eric/git/monero-java-rpc/external-libs/libmonero-cpp.dylib
0x000000012b475000 	/Library/Java/JavaVirtualMachines/jdk1.8.0_66.jdk/Contents/Home/jre/lib/libsunec.dylib

VM Arguments:
jvm_args: -ea -Djava.library.path=/Users/Eric/git/monero-java-rpc/lib:/Users/Eric/git/monero-java-rpc/src/main/cpp/build -Dfile.encoding=UTF-8 
java_command: org.eclipse.jdt.internal.junit.runner.RemoteTestRunner -version 3 -port 62621 -testLoaderClass org.eclipse.jdt.internal.junit4.runner.JUnit4TestLoader -loaderpluginname org.eclipse.jdt.junit4.runtime -test test.TestMoneroWalletJni:testSave
java_class_path (initial): /Users/Eric/git/monero-java-rpc/target/test-classes:/Users/Eric/git/monero-java-rpc/target/classes:/Users/Eric/.p2/pool/plugins/org.junit_4.12.0.v201504281640/junit.jar:/Users/Eric/.p2/pool/plugins/org.hamcrest.core_1.3.0.v201303031735.jar:/Users/Eric/.m2/repository/com/fasterxml/jackson/core/jackson-core/2.9.8/jackson-core-2.9.8.jar:/Users/Eric/.m2/repository/com/fasterxml/jackson/core/jackson-databind/2.9.8/jackson-databind-2.9.8.jar:/Users/Eric/.m2/repository/com/fasterxml/jackson/core/jackson-annotations/2.9.0/jackson-annotations-2.9.0.jar:/Users/Eric/.m2/repository/com/fasterxml/jackson/module/jackson-module-jaxb-annotations/2.9.8/jackson-module-jaxb-annotations-2.9.8.jar:/Users/Eric/.m2/repository/org/apache/httpcomponents/httpclient/4.5.3/httpclient-4.5.3.jar:/Users/Eric/.m2/repository/org/apache/httpcomponents/httpcore/4.4.6/httpcore-4.4.6.jar:/Users/Eric/.m2/repository/commons-logging/commons-logging/1.2/commons-logging-1.2.jar:/Users/Eric/.m2/repository/commons-codec/commons-codec/1.9/commons-codec-1.9.jar:/Users/Eric/.m2/repository/commons-io/commons-io/2.5/commons-io-2.5.jar:/Users/Eric/.m2/repository/com/google/guava/guava/21.0/guava-21.0.jar:/Users/Eric/.m2/repository/log4j/log4j/1.2.17/log4j-1.2.17.jar:/Users/Eric/.m2/repository/junit/junit/4.12/junit-4.12.jar:/Users/Eric/.m2/repository/org/hamcrest/hamcrest-core/1.3/hamcrest-core-1.3.jar:/Users/Eric/eclipse/javascript-oxygen/Eclipse.app/Contents/Eclipse/configuration/org.eclipse.osgi/707/0/.cp:/Users/Eric/eclipse/javascript-oxygen/Eclipse.app/Contents/Eclipse/configuration/org.eclipse.osgi/493/0/.cp
Launcher Type: SUN_STANDARD

Environment Variables:
PATH=/usr/bin:/bin:/usr/sbin:/sbin
SHELL=/bin/bash

Signal Handlers:
SIGSEGV: [libjvm.dylib+0x5a65d5], sa_mask[0]=11111111011111110111111111111111, sa_flags=SA_ONSTACK|SA_RESTART|SA_SIGINFO
SIGBUS: [libjvm.dylib+0x5a65d5], sa_mask[0]=11111111011111110111111111111111, sa_flags=SA_RESTART|SA_SIGINFO
SIGFPE: [libjvm.dylib+0x4802e8], sa_mask[0]=11111111011111110111111111111111, sa_flags=SA_RESTART|SA_SIGINFO
SIGPIPE: [libjvm.dylib+0x4802e8], sa_mask[0]=11111111011111110111111111111111, sa_flags=SA_RESTART|SA_SIGINFO
SIGXFSZ: [libjvm.dylib+0x4802e8], sa_mask[0]=11111111011111110111111111111111, sa_flags=SA_RESTART|SA_SIGINFO
SIGILL: [libjvm.dylib+0x4802e8], sa_mask[0]=11111111011111110111111111111111, sa_flags=SA_RESTART|SA_SIGINFO
SIGUSR1: SIG_DFL, sa_mask[0]=00000000000000000000000000000000, sa_flags=none
SIGUSR2: [libjvm.dylib+0x47fe06], sa_mask[0]=00100000000000000000000000000000, sa_flags=SA_RESTART|SA_SIGINFO
SIGHUP: [libjvm.dylib+0x47e3dd], sa_mask[0]=11111111011111110111111111111111, sa_flags=SA_RESTART|SA_SIGINFO
SIGINT: [libjvm.dylib+0x47e3dd], sa_mask[0]=11111111011111110111111111111111, sa_flags=SA_RESTART|SA_SIGINFO
SIGTERM: [libjvm.dylib+0x47e3dd], sa_mask[0]=11111111011111110111111111111111, sa_flags=SA_RESTART|SA_SIGINFO
SIGQUIT: [libjvm.dylib+0x47e3dd], sa_mask[0]=11111111011111110111111111111111, sa_flags=SA_RESTART|SA_SIGINFO


---------------  S Y S T E M  ---------------

OS:Bsduname:Darwin 18.5.0 Darwin Kernel Version 18.5.0: Mon Mar 11 20:40:32 PDT 2019; root:xnu-4903.251.3~3/RELEASE_X86_64 x86_64
rlimit: STACK 8192k, CORE 0k, NPROC 1418, NOFILE 10240, AS infinity
load average:2.00 1.73 1.74

CPU:total 8 (4 cores per cpu, 2 threads per core) family 6 model 70 stepping 1, cmov, cx8, fxsr, mmx, sse, sse2, sse3, ssse3, sse4.1, sse4.2, popcnt, avx, avx2, aes, clmul, erms, lzcnt, ht, tsc, tscinvbit, bmi1, bmi2

Memory: 4k page, physical 16777216k(1033520k free)

/proc/meminfo:


vm_info: Java HotSpot(TM) 64-Bit Server VM (25.66-b17) for bsd-amd64 JRE (1.8.0_66-b17), built on Oct  6 2015 16:09:13 by "java_re" with gcc 4.2.1 (Based on Apple Inc. build 5658) (LLVM build 2336.11.00)

time: Sat Jun  1 11:09:34 2019
elapsed time: 4 seconds (0d 0h 0m 4s)

