#
# A fatal error has been detected by the Java Runtime Environment:
#
#  SIGSEGV (0xb) at pc=0x00007fff71ef8712, pid=53447, tid=10499
#
# JRE version: Java(TM) SE Runtime Environment (8.0_66-b17) (build 1.8.0_66-b17)
# Java VM: Java HotSpot(TM) 64-Bit Server VM (25.66-b17 mixed mode bsd-amd64 compressed oops)
# Problematic frame:
# C  [libsystem_platform.dylib+0x1712]  _platform_strlen+0x12
#
# Failed to write core dump. Core dumps have been disabled. To enable core dumping, try "ulimit -c unlimited" before starting Java again
#
# If you would like to submit a bug report, please visit:
#   http://bugreport.java.com/bugreport/crash.jsp
# The crash happened outside the Java Virtual Machine in native code.
# See problematic frame for where to report the bug.
#

---------------  T H R E A D  ---------------

Current thread (0x00007fb330004000):  JavaThread "main" [_thread_in_native, id=10499, stack(0x000070000f15e000,0x000070000f25e000)]

siginfo: si_signo: 11 (SIGSEGV), si_code: 1 (SEGV_MAPERR), si_addr: 0x0000000000000000

Registers:
RAX=0x000070000f25c5b0, RBX=0x000000011e346590, RCX=0x0000000000000000, RDX=0x0000000000000000
RSP=0x000070000f25c4f0, RBP=0x000070000f25c4f0, RSI=0x0000000000000000, RDI=0x0000000000000000
R8 =0x0000000000000000, R9 =0x00007fffa4d0ff78, R10=0x0000000000000000, R11=0x00007fffa4d0ff70
R12=0x0000000000000000, R13=0x000000011e346590, R14=0x000070000f25c728, R15=0x00007fb330004000
RIP=0x00007fff71ef8712, EFLAGS=0x0000000000010246, ERR=0x0000000000000004
  TRAPNO=0x000000000000000e

Top of Stack: (sp=0x000070000f25c4f0)
0x000070000f25c4f0:   000070000f25c510 0000000121bcb825
0x000070000f25c500:   000000011e346590 0000000000000000
0x000070000f25c510:   000070000f25c540 0000000121e0bcc1
0x000070000f25c520:   0000000000000000 000070000f25c5b0
0x000070000f25c530:   0000000000000000 000070000f25c5b0
0x000070000f25c540:   000070000f25c560 0000000121df3bdd
0x000070000f25c550:   0000000000000000 000070000f25c5b0
0x000070000f25c560:   000070000f25c5d0 0000000121df6bc5
0x000070000f25c570:   000070000f25c5b0 0000000000000042
0x000070000f25c580:   00007fffa445b770 000070000f25c650
0x000070000f25c590:   00007fb32fd38910 000070000f25c650
0x000070000f25c5a0:   0000000104814310 0000000000000042
0x000070000f25c5b0:   0000000000000000 0000000000000000
0x000070000f25c5c0:   0000000000000000 00007fb32fd38910
0x000070000f25c5d0:   000070000f25c690 0000000121bbfae4
0x000070000f25c5e0:   000070000f25c630 0000000000000008
0x000070000f25c5f0:   000070000f25c610 00000001041f11f6
0x000070000f25c600:   000070000f25c650 00007fffa445b770
0x000070000f25c610:   000070000f25c680 00000001042e31a7
0x000070000f25c620:   00007fb330004000 00007fb330004000
0x000070000f25c630:   00007fb330004000 000000011e346590
0x000070000f25c640:   00007fb330004000 000000011e346590
0x000070000f25c650:   00007fb330004000 000000011e346590
0x000070000f25c660:   000000011e346590 00007fb32fd38910
0x000070000f25c670:   0000000000000000 000070000f25c728
0x000070000f25c680:   000070000f25c728 00007fb3300041f8
0x000070000f25c690:   000070000f25c6f8 000000010ee90954
0x000070000f25c6a0:   000070000f25c6f8 000000010ee906e7
0x000070000f25c6b0:   000000010ee906a2 000070000f25c6b8
0x000070000f25c6c0:   000000011e346590 000070000f25c728
0x000070000f25c6d0:   000000011e4773a8 0000000000000000
0x000070000f25c6e0:   000000011e346590 0000000000000000 

Instructions: (pc=0x00007fff71ef8712)
0x00007fff71ef86f2:   90 90 90 90 90 90 90 90 90 90 90 90 90 90 55 48
0x00007fff71ef8702:   89 e5 48 89 f9 48 89 fa 48 83 e7 f0 66 0f ef c0
0x00007fff71ef8712:   66 0f 74 07 66 0f d7 f0 48 83 e1 0f 48 83 c8 ff
0x00007fff71ef8722:   48 d3 e0 21 c6 74 17 0f bc c6 48 29 d7 48 01 f8 

Register to memory mapping:

RAX=0x000070000f25c5b0 is pointing into the stack for thread: 0x00007fb330004000
RBX={method} {0x000000011e346590} 'getAccountsJni' '(ZLjava/lang/String;)Ljava/lang/String;' in 'monero/wallet/MoneroWalletJni'
RCX=0x0000000000000000 is an unknown value
RDX=0x0000000000000000 is an unknown value
RSP=0x000070000f25c4f0 is pointing into the stack for thread: 0x00007fb330004000
RBP=0x000070000f25c4f0 is pointing into the stack for thread: 0x00007fb330004000
RSI=0x0000000000000000 is an unknown value
RDI=0x0000000000000000 is an unknown value
R8 =0x0000000000000000 is an unknown value
R9 =0x00007fffa4d0ff78: __sFX+0xf8 in /usr/lib/system/libsystem_c.dylib at 0x00007fff71d60000
R10=0x0000000000000000 is an unknown value
R11=0x00007fffa4d0ff70: __sFX+0xf0 in /usr/lib/system/libsystem_c.dylib at 0x00007fff71d60000
R12=0x0000000000000000 is an unknown value
R13={method} {0x000000011e346590} 'getAccountsJni' '(ZLjava/lang/String;)Ljava/lang/String;' in 'monero/wallet/MoneroWalletJni'
R14=0x000070000f25c728 is pointing into the stack for thread: 0x00007fb330004000
R15=0x00007fb330004000 is a thread


Stack: [0x000070000f15e000,0x000070000f25e000],  sp=0x000070000f25c4f0,  free space=1017k
Native frames: (J=compiled Java code, j=interpreted, Vv=VM code, C=native code)
C  [libsystem_platform.dylib+0x1712]  _platform_strlen+0x12
C  [libmonero-java.dylib+0x11825]  std::__1::char_traits<char>::length(char const*)+0x15
C  [libmonero-cpp.dylib+0x1acc1]  std::__1::basic_string<char, std::__1::char_traits<char>, std::__1::allocator<char> >::basic_string<std::nullptr_t>(char const*)+0x31
C  [libmonero-cpp.dylib+0x2bdd]  std::__1::basic_string<char, std::__1::char_traits<char>, std::__1::allocator<char> >::basic_string<std::nullptr_t>(char const*)+0x1d
C  [libmonero-cpp.dylib+0x5bc5]  monero::MoneroWallet::getAccounts() const+0x65
C  [libmonero-java.dylib+0x5ae4]  Java_monero_wallet_MoneroWalletJni_getAccountsJni+0x74
j  monero.wallet.MoneroWalletJni.getAccountsJni(ZLjava/lang/String;)Ljava/lang/String;+0
j  monero.wallet.MoneroWalletJni.getAccounts(ZLjava/lang/String;)Ljava/util/List;+3
j  monero.wallet.MoneroWalletDefault.getAccounts()Ljava/util/List;+3
j  test.TestMoneroWalletCommon.testGetAccountsWithoutSubaddresses()V+8
v  ~StubRoutines::call_stub
V  [libjvm.dylib+0x2ea35e]  JavaCalls::call_helper(JavaValue*, methodHandle*, JavaCallArguments*, Thread*)+0x6ae
V  [libjvm.dylib+0x4ca7e0]  Reflection::invoke(instanceKlassHandle, methodHandle, Handle, bool, objArrayHandle, BasicType, objArrayHandle, bool, Thread*)+0xe12
V  [libjvm.dylib+0x4cad14]  Reflection::invoke_method(oopDesc*, Handle, objArrayHandle, Thread*)+0x16c
V  [libjvm.dylib+0x342570]  JVM_InvokeMethod+0x166
j  sun.reflect.NativeMethodAccessorImpl.invoke0(Ljava/lang/reflect/Method;Ljava/lang/Object;[Ljava/lang/Object;)Ljava/lang/Object;+0
j  sun.reflect.NativeMethodAccessorImpl.invoke(Ljava/lang/Object;[Ljava/lang/Object;)Ljava/lang/Object;+100
j  sun.reflect.DelegatingMethodAccessorImpl.invoke(Ljava/lang/Object;[Ljava/lang/Object;)Ljava/lang/Object;+6
j  java.lang.reflect.Method.invoke(Ljava/lang/Object;[Ljava/lang/Object;)Ljava/lang/Object;+56
j  org.junit.runners.model.FrameworkMethod$1.runReflectiveCall()Ljava/lang/Object;+15
j  org.junit.internal.runners.model.ReflectiveCallable.run()Ljava/lang/Object;+1
j  org.junit.runners.model.FrameworkMethod.invokeExplosively(Ljava/lang/Object;[Ljava/lang/Object;)Ljava/lang/Object;+10
j  org.junit.internal.runners.statements.InvokeMethod.evaluate()V+12
j  org.junit.runners.ParentRunner.runLeaf(Lorg/junit/runners/model/Statement;Lorg/junit/runner/Description;Lorg/junit/runner/notification/RunNotifier;)V+17
j  org.junit.runners.BlockJUnit4ClassRunner.runChild(Lorg/junit/runners/model/FrameworkMethod;Lorg/junit/runner/notification/RunNotifier;)V+30
j  org.junit.runners.BlockJUnit4ClassRunner.runChild(Ljava/lang/Object;Lorg/junit/runner/notification/RunNotifier;)V+6
j  org.junit.runners.ParentRunner$3.run()V+12
j  org.junit.runners.ParentRunner$1.schedule(Ljava/lang/Runnable;)V+1
j  org.junit.runners.ParentRunner.runChildren(Lorg/junit/runner/notification/RunNotifier;)V+44
j  org.junit.runners.ParentRunner.access$000(Lorg/junit/runners/ParentRunner;Lorg/junit/runner/notification/RunNotifier;)V+2
j  org.junit.runners.ParentRunner$2.evaluate()V+8
j  org.junit.internal.runners.statements.RunBefores.evaluate()V+49
j  org.junit.runners.ParentRunner.run(Lorg/junit/runner/notification/RunNotifier;)V+20
j  org.eclipse.jdt.internal.junit4.runner.JUnit4TestReference.run(Lorg/eclipse/jdt/internal/junit/runner/TestExecution;)V+72
j  org.eclipse.jdt.internal.junit.runner.TestExecution.run([Lorg/eclipse/jdt/internal/junit/runner/ITestReference;)V+17
j  org.eclipse.jdt.internal.junit.runner.RemoteTestRunner.runTests([Ljava/lang/String;Ljava/lang/String;Lorg/eclipse/jdt/internal/junit/runner/TestExecution;)V+62
j  org.eclipse.jdt.internal.junit.runner.RemoteTestRunner.runTests(Lorg/eclipse/jdt/internal/junit/runner/TestExecution;)V+10
j  org.eclipse.jdt.internal.junit.runner.RemoteTestRunner.run()V+70
j  org.eclipse.jdt.internal.junit.runner.RemoteTestRunner.main([Ljava/lang/String;)V+14
v  ~StubRoutines::call_stub
V  [libjvm.dylib+0x2ea35e]  JavaCalls::call_helper(JavaValue*, methodHandle*, JavaCallArguments*, Thread*)+0x6ae
V  [libjvm.dylib+0x3210d0]  jni_invoke_static(JNIEnv_*, JavaValue*, _jobject*, JNICallType, _jmethodID*, JNI_ArgumentPusher*, Thread*)+0x1bf
V  [libjvm.dylib+0x319e4a]  jni_CallStaticVoidMethod+0x15d
C  [java+0x393e]  JavaMain+0x9b1
C  [libsystem_pthread.dylib+0x32eb]  _pthread_body+0x7e
C  [libsystem_pthread.dylib+0x6249]  _pthread_start+0x42
C  [libsystem_pthread.dylib+0x240d]  thread_start+0xd
C  0x0000000000000000

Java frames: (J=compiled Java code, j=interpreted, Vv=VM code)
j  monero.wallet.MoneroWalletJni.getAccountsJni(ZLjava/lang/String;)Ljava/lang/String;+0
j  monero.wallet.MoneroWalletJni.getAccounts(ZLjava/lang/String;)Ljava/util/List;+3
j  monero.wallet.MoneroWalletDefault.getAccounts()Ljava/util/List;+3
j  test.TestMoneroWalletCommon.testGetAccountsWithoutSubaddresses()V+8
v  ~StubRoutines::call_stub
j  sun.reflect.NativeMethodAccessorImpl.invoke0(Ljava/lang/reflect/Method;Ljava/lang/Object;[Ljava/lang/Object;)Ljava/lang/Object;+0
j  sun.reflect.NativeMethodAccessorImpl.invoke(Ljava/lang/Object;[Ljava/lang/Object;)Ljava/lang/Object;+100
j  sun.reflect.DelegatingMethodAccessorImpl.invoke(Ljava/lang/Object;[Ljava/lang/Object;)Ljava/lang/Object;+6
j  java.lang.reflect.Method.invoke(Ljava/lang/Object;[Ljava/lang/Object;)Ljava/lang/Object;+56
j  org.junit.runners.model.FrameworkMethod$1.runReflectiveCall()Ljava/lang/Object;+15
j  org.junit.internal.runners.model.ReflectiveCallable.run()Ljava/lang/Object;+1
j  org.junit.runners.model.FrameworkMethod.invokeExplosively(Ljava/lang/Object;[Ljava/lang/Object;)Ljava/lang/Object;+10
j  org.junit.internal.runners.statements.InvokeMethod.evaluate()V+12
j  org.junit.runners.ParentRunner.runLeaf(Lorg/junit/runners/model/Statement;Lorg/junit/runner/Description;Lorg/junit/runner/notification/RunNotifier;)V+17
j  org.junit.runners.BlockJUnit4ClassRunner.runChild(Lorg/junit/runners/model/FrameworkMethod;Lorg/junit/runner/notification/RunNotifier;)V+30
j  org.junit.runners.BlockJUnit4ClassRunner.runChild(Ljava/lang/Object;Lorg/junit/runner/notification/RunNotifier;)V+6
j  org.junit.runners.ParentRunner$3.run()V+12
j  org.junit.runners.ParentRunner$1.schedule(Ljava/lang/Runnable;)V+1
j  org.junit.runners.ParentRunner.runChildren(Lorg/junit/runner/notification/RunNotifier;)V+44
j  org.junit.runners.ParentRunner.access$000(Lorg/junit/runners/ParentRunner;Lorg/junit/runner/notification/RunNotifier;)V+2
j  org.junit.runners.ParentRunner$2.evaluate()V+8
j  org.junit.internal.runners.statements.RunBefores.evaluate()V+49
j  org.junit.runners.ParentRunner.run(Lorg/junit/runner/notification/RunNotifier;)V+20
j  org.eclipse.jdt.internal.junit4.runner.JUnit4TestReference.run(Lorg/eclipse/jdt/internal/junit/runner/TestExecution;)V+72
j  org.eclipse.jdt.internal.junit.runner.TestExecution.run([Lorg/eclipse/jdt/internal/junit/runner/ITestReference;)V+17
j  org.eclipse.jdt.internal.junit.runner.RemoteTestRunner.runTests([Ljava/lang/String;Ljava/lang/String;Lorg/eclipse/jdt/internal/junit/runner/TestExecution;)V+62
j  org.eclipse.jdt.internal.junit.runner.RemoteTestRunner.runTests(Lorg/eclipse/jdt/internal/junit/runner/TestExecution;)V+10
j  org.eclipse.jdt.internal.junit.runner.RemoteTestRunner.run()V+70
j  org.eclipse.jdt.internal.junit.runner.RemoteTestRunner.main([Ljava/lang/String;)V+14
v  ~StubRoutines::call_stub

---------------  P R O C E S S  ---------------

Java Threads: ( => current thread )
  0x00007fb330060000 JavaThread "ReaderThread" [_thread_in_native, id=21763, stack(0x0000700010497000,0x0000700010597000)]
  0x00007fb333049000 JavaThread "Service Thread" daemon [_thread_blocked, id=15619, stack(0x0000700010291000,0x0000700010391000)]
  0x00007fb330021800 JavaThread "C1 CompilerThread3" daemon [_thread_blocked, id=14339, stack(0x000070001018e000,0x000070001028e000)]
  0x00007fb330020800 JavaThread "C2 CompilerThread2" daemon [_thread_blocked, id=14083, stack(0x000070001008b000,0x000070001018b000)]
  0x00007fb33001e000 JavaThread "C2 CompilerThread1" daemon [_thread_blocked, id=13571, stack(0x000070000ff88000,0x0000700010088000)]
  0x00007fb333026000 JavaThread "C2 CompilerThread0" daemon [_thread_blocked, id=16131, stack(0x000070000fe85000,0x000070000ff85000)]
  0x00007fb333000800 JavaThread "Signal Dispatcher" daemon [_thread_blocked, id=16643, stack(0x000070000fd82000,0x000070000fe82000)]
  0x00007fb33080d800 JavaThread "Finalizer" daemon [_thread_blocked, id=18435, stack(0x000070000fc7f000,0x000070000fd7f000)]
  0x00007fb33080d000 JavaThread "Reference Handler" daemon [_thread_blocked, id=12035, stack(0x000070000fb7c000,0x000070000fc7c000)]
=>0x00007fb330004000 JavaThread "main" [_thread_in_native, id=10499, stack(0x000070000f15e000,0x000070000f25e000)]

Other Threads:
  0x00007fb33080a800 VMThread [stack: 0x000070000fa79000,0x000070000fb79000] [id=18947]
  0x00007fb333051800 WatcherThread [stack: 0x0000700010394000,0x0000700010494000] [id=15363]

VM state:not at safepoint (normal execution)

VM Mutex/Monitor currently owned by a thread: None

Heap:
 PSYoungGen      total 76288K, used 51121K [0x000000076ab00000, 0x0000000770000000, 0x00000007c0000000)
  eden space 65536K, 78% used [0x000000076ab00000,0x000000076dcec468,0x000000076eb00000)
  from space 10752K, 0% used [0x000000076f580000,0x000000076f580000,0x0000000770000000)
  to   space 10752K, 0% used [0x000000076eb00000,0x000000076eb00000,0x000000076f580000)
 ParOldGen       total 175104K, used 0K [0x00000006c0000000, 0x00000006cab00000, 0x000000076ab00000)
  object space 175104K, 0% used [0x00000006c0000000,0x00000006c0000000,0x00000006cab00000)
 Metaspace       used 14127K, capacity 14338K, committed 14592K, reserved 1062912K
  class space    used 1627K, capacity 1702K, committed 1792K, reserved 1048576K

Card table byte_map: [0x0000000105346000,0x0000000105b47000] byte_map_base: 0x0000000101d46000

Marking Bits: (ParMarkBitMap*) 0x00000001048dde20
 Begin Bits: [0x000000010609d000, 0x000000010a09d000)
 End Bits:   [0x000000010a09d000, 0x000000010e09d000)

Polling page: 0x0000000102efc000

CodeCache: size=245760Kb used=3845Kb max_used=3857Kb free=241914Kb
 bounds [0x000000010ee7b000, 0x000000010f24b000, 0x000000011de7b000]
 total_blobs=1420 nmethods=1055 adapters=279
 compilation: enabled

Compilation events (10 events):
Event: 4.618 Thread 0x00007fb330021800 nmethod 1050 0x000000010f234650 code [0x000000010f2347a0, 0x000000010f2348b0]
Event: 4.618 Thread 0x00007fb330021800 1051       3       com.fasterxml.jackson.databind.introspect.Annotated::<init> (5 bytes)
Event: 4.618 Thread 0x00007fb330021800 nmethod 1051 0x000000010f23c990 code [0x000000010f23cb00, 0x000000010f23ccb0]
Event: 4.838 Thread 0x00007fb330021800 1052       3       java.nio.CharBuffer::arrayOffset (35 bytes)
Event: 4.839 Thread 0x00007fb330021800 nmethod 1052 0x000000010f23cd50 code [0x000000010f23cee0, 0x000000010f23d1f8]
Event: 4.840 Thread 0x00007fb330021800 1053       3       java.util.HashMap::<init> (8 bytes)
Event: 4.840 Thread 0x00007fb330021800 nmethod 1053 0x000000010f23d350 code [0x000000010f23d4e0, 0x000000010f23d668]
Event: 4.841 Thread 0x00007fb333026000 1054 %     4       sun.security.provider.SHA::implCompress @ 364 (491 bytes)
Event: 4.841 Thread 0x00007fb330021800 1055       3       sun.security.x509.X509CertImpl::getEncodedInternal (22 bytes)
Event: 4.841 Thread 0x00007fb330021800 nmethod 1055 0x000000010f23d710 code [0x000000010f23d880, 0x000000010f23daa8]

GC Heap History (0 events):
No events

Deoptimization events (10 events):
Event: 2.999 Thread 0x00007fb330004000 Uncommon trap: reason=bimorphic action=maybe_recompile pc=0x000000010f079c34 method=java.util.regex.Pattern$CharProperty.match(Ljava/util/regex/Matcher;ILjava/lang/CharSequence;)Z @ 18
Event: 2.999 Thread 0x00007fb330004000 Uncommon trap: reason=bimorphic action=maybe_recompile pc=0x000000010f079c34 method=java.util.regex.Pattern$CharProperty.match(Ljava/util/regex/Matcher;ILjava/lang/CharSequence;)Z @ 18
Event: 2.999 Thread 0x00007fb330004000 Uncommon trap: reason=bimorphic action=maybe_recompile pc=0x000000010f079c34 method=java.util.regex.Pattern$CharProperty.match(Ljava/util/regex/Matcher;ILjava/lang/CharSequence;)Z @ 18
Event: 2.999 Thread 0x00007fb330004000 Uncommon trap: reason=bimorphic action=maybe_recompile pc=0x000000010f079c34 method=java.util.regex.Pattern$CharProperty.match(Ljava/util/regex/Matcher;ILjava/lang/CharSequence;)Z @ 18
Event: 3.000 Thread 0x00007fb330004000 Uncommon trap: reason=unstable_if action=reinterpret pc=0x000000010f070420 method=java.util.regex.ASCII.isType(II)Z @ 6
Event: 4.532 Thread 0x00007fb330004000 Uncommon trap: reason=class_check action=maybe_recompile pc=0x000000010f155e44 method=java.util.concurrent.ConcurrentHashMap.putVal(Ljava/lang/Object;Ljava/lang/Object;Z)Ljava/lang/Object; @ 192
Event: 4.565 Thread 0x00007fb330004000 Uncommon trap: reason=unstable_if action=reinterpret pc=0x000000010f16781c method=java.lang.CharacterDataLatin1.digit(II)I @ 82
Event: 4.585 Thread 0x00007fb330004000 Uncommon trap: reason=class_check action=maybe_recompile pc=0x000000010f155e44 method=java.util.concurrent.ConcurrentHashMap.putVal(Ljava/lang/Object;Ljava/lang/Object;Z)Ljava/lang/Object; @ 192
Event: 4.585 Thread 0x00007fb330004000 Uncommon trap: reason=class_check action=maybe_recompile pc=0x000000010f155e44 method=java.util.concurrent.ConcurrentHashMap.putVal(Ljava/lang/Object;Ljava/lang/Object;Z)Ljava/lang/Object; @ 192
Event: 4.585 Thread 0x00007fb330004000 Uncommon trap: reason=class_check action=maybe_recompile pc=0x000000010f155e44 method=java.util.concurrent.ConcurrentHashMap.putVal(Ljava/lang/Object;Ljava/lang/Object;Z)Ljava/lang/Object; @ 192

Internal exceptions (10 events):
Event: 0.279 Thread 0x00007fb330004000 Exception <a 'java/lang/ClassNotFoundException': org/apache/log4j/LayoutCustomizer> (0x000000076b723278) thrown at [/HUDSON3/workspace/8-2-build-macosx-x86_64/jdk8u66/4988/hotspot/src/share/vm/classfile/systemDictionary.cpp, line 210]
Event: 0.280 Thread 0x00007fb330004000 Exception <a 'java/lang/ClassNotFoundException': org/apache/log4j/PatternLayoutCustomizer> (0x000000076b73ffc0) thrown at [/HUDSON3/workspace/8-2-build-macosx-x86_64/jdk8u66/4988/hotspot/src/share/vm/classfile/systemDictionary.cpp, line 210]
Event: 0.297 Thread 0x00007fb330004000 Exception <a 'java/lang/ClassNotFoundException': org/apache/log4j/ConsoleAppenderBeanInfo> (0x000000076b7a8450) thrown at [/HUDSON3/workspace/8-2-build-macosx-x86_64/jdk8u66/4988/hotspot/src/share/vm/classfile/systemDictionary.cpp, line 210]
Event: 0.298 Thread 0x00007fb330004000 Exception <a 'java/lang/ClassNotFoundException': org/apache/log4j/WriterAppenderBeanInfo> (0x000000076b7b4bb0) thrown at [/HUDSON3/workspace/8-2-build-macosx-x86_64/jdk8u66/4988/hotspot/src/share/vm/classfile/systemDictionary.cpp, line 210]
Event: 0.298 Thread 0x00007fb330004000 Exception <a 'java/lang/ClassNotFoundException': org/apache/log4j/AppenderSkeletonBeanInfo> (0x000000076b7c1568) thrown at [/HUDSON3/workspace/8-2-build-macosx-x86_64/jdk8u66/4988/hotspot/src/share/vm/classfile/systemDictionary.cpp, line 210]
Event: 0.298 Thread 0x00007fb330004000 Exception <a 'java/lang/ClassNotFoundException': org/apache/log4j/AppenderSkeletonCustomizer> (0x000000076b916128) thrown at [/HUDSON3/workspace/8-2-build-macosx-x86_64/jdk8u66/4988/hotspot/src/share/vm/classfile/systemDictionary.cpp, line 210]
Event: 0.300 Thread 0x00007fb330004000 Exception <a 'java/lang/ClassNotFoundException': org/apache/log4j/WriterAppenderCustomizer> (0x000000076b936e48) thrown at [/HUDSON3/workspace/8-2-build-macosx-x86_64/jdk8u66/4988/hotspot/src/share/vm/classfile/systemDictionary.cpp, line 210]
Event: 0.301 Thread 0x00007fb330004000 Exception <a 'java/lang/ClassNotFoundException': org/apache/log4j/ConsoleAppenderCustomizer> (0x000000076b950190) thrown at [/HUDSON3/workspace/8-2-build-macosx-x86_64/jdk8u66/4988/hotspot/src/share/vm/classfile/systemDictionary.cpp, line 210]
Event: 2.988 Thread 0x00007fb330004000 Exception <a 'java/lang/NoSuchFieldError': method resolution failed> (0x000000076cc311e8) thrown at [/HUDSON3/workspace/8-2-build-macosx-x86_64/jdk8u66/4988/hotspot/src/share/vm/prims/methodHandles.cpp, line 1146]
Event: 2.989 Thread 0x00007fb330004000 Exception <a 'java/lang/NoSuchFieldError': method resolution failed> (0x000000076cc3eca8) thrown at [/HUDSON3/workspace/8-2-build-macosx-x86_64/jdk8u66/4988/hotspot/src/share/vm/prims/methodHandles.cpp, line 1146]

Events (10 events):
Event: 4.840 loading class org/hamcrest/CoreMatchers
Event: 4.840 loading class org/hamcrest/CoreMatchers done
Event: 4.840 loading class org/hamcrest/core/Is
Event: 4.840 loading class org/hamcrest/core/Is done
Event: 4.841 loading class org/hamcrest/BaseMatcher
Event: 4.841 loading class org/hamcrest/BaseMatcher done
Event: 4.841 loading class org/hamcrest/Matcher
Event: 4.841 loading class org/hamcrest/Matcher done
Event: 4.841 loading class org/hamcrest/core/IsEqual
Event: 4.841 loading class org/hamcrest/core/IsEqual done


Dynamic libraries:
0x000000001a277000 	/System/Library/Frameworks/Cocoa.framework/Versions/A/Cocoa
0x000000001a277000 	/System/Library/Frameworks/Security.framework/Versions/A/Security
0x000000001a277000 	/System/Library/Frameworks/ApplicationServices.framework/Versions/A/ApplicationServices
0x000000001a277000 	/usr/lib/libz.1.dylib
0x000000001a277000 	/usr/lib/libSystem.B.dylib
0x000000001a277000 	/usr/lib/libobjc.A.dylib
0x000000001a277000 	/System/Library/Frameworks/CoreFoundation.framework/Versions/A/CoreFoundation
0x000000001a277000 	/System/Library/Frameworks/Foundation.framework/Versions/C/Foundation
0x000000001a277000 	/System/Library/Frameworks/AppKit.framework/Versions/C/AppKit
0x000000001a277000 	/System/Library/Frameworks/CoreData.framework/Versions/A/CoreData
0x000000001a277000 	/System/Library/PrivateFrameworks/RemoteViewServices.framework/Versions/A/RemoteViewServices
0x000000001a277000 	/System/Library/PrivateFrameworks/UIFoundation.framework/Versions/A/UIFoundation
0x000000001a277000 	/System/Library/PrivateFrameworks/XCTTargetBootstrap.framework/Versions/A/XCTTargetBootstrap
0x000000001a277000 	/System/Library/PrivateFrameworks/IconServices.framework/Versions/A/IconServices
0x000000001a277000 	/System/Library/Frameworks/Metal.framework/Versions/A/Metal
0x000000001a277000 	/System/Library/PrivateFrameworks/DesktopServicesPriv.framework/Versions/A/DesktopServicesPriv
0x000000001a277000 	/usr/lib/libenergytrace.dylib
0x000000001a277000 	/System/Library/PrivateFrameworks/SkyLight.framework/Versions/A/SkyLight
0x000000001a277000 	/System/Library/Frameworks/CoreGraphics.framework/Versions/A/CoreGraphics
0x000000001a277000 	/System/Library/Frameworks/Accelerate.framework/Versions/A/Accelerate
0x000000001a277000 	/System/Library/Frameworks/IOSurface.framework/Versions/A/IOSurface
0x000000001a277000 	/System/Library/PrivateFrameworks/DFRFoundation.framework/Versions/A/DFRFoundation
0x000000001a277000 	/System/Library/Frameworks/AudioToolbox.framework/Versions/A/AudioToolbox
0x000000001a277000 	/System/Library/Frameworks/AudioUnit.framework/Versions/A/AudioUnit
0x000000001a277000 	/System/Library/PrivateFrameworks/DataDetectorsCore.framework/Versions/A/DataDetectorsCore
0x000000001a277000 	/System/Library/Frameworks/Carbon.framework/Versions/A/Frameworks/HIToolbox.framework/Versions/A/HIToolbox
0x000000001a277000 	/usr/lib/libicucore.A.dylib
0x000000001a277000 	/System/Library/Frameworks/QuartzCore.framework/Versions/A/QuartzCore
0x000000001a277000 	/System/Library/Frameworks/Carbon.framework/Versions/A/Frameworks/SpeechRecognition.framework/Versions/A/SpeechRecognition
0x000000001a277000 	/usr/lib/libauto.dylib
0x000000001a277000 	/usr/lib/libxml2.2.dylib
0x000000001a277000 	/System/Library/PrivateFrameworks/CoreUI.framework/Versions/A/CoreUI
0x000000001a277000 	/System/Library/Frameworks/CoreAudio.framework/Versions/A/CoreAudio
0x000000001a277000 	/System/Library/Frameworks/DiskArbitration.framework/Versions/A/DiskArbitration
0x000000001a277000 	/usr/lib/liblangid.dylib
0x000000001a277000 	/System/Library/PrivateFrameworks/MultitouchSupport.framework/Versions/A/MultitouchSupport
0x000000001a277000 	/System/Library/Frameworks/IOKit.framework/Versions/A/IOKit
0x000000001a277000 	/usr/lib/libDiagnosticMessagesClient.dylib
0x000000001a277000 	/System/Library/Frameworks/CoreServices.framework/Versions/A/CoreServices
0x000000001a277000 	/System/Library/PrivateFrameworks/PerformanceAnalysis.framework/Versions/A/PerformanceAnalysis
0x000000001a277000 	/System/Library/Frameworks/OpenGL.framework/Versions/A/OpenGL
0x000000001a277000 	/System/Library/Frameworks/ColorSync.framework/Versions/A/ColorSync
0x000000001a277000 	/System/Library/Frameworks/CoreImage.framework/Versions/A/CoreImage
0x000000001a277000 	/System/Library/Frameworks/CoreText.framework/Versions/A/CoreText
0x000000001a277000 	/System/Library/Frameworks/ImageIO.framework/Versions/A/ImageIO
0x000000001a277000 	/System/Library/PrivateFrameworks/Backup.framework/Versions/A/Backup
0x000000001a277000 	/usr/lib/libarchive.2.dylib
0x000000001a277000 	/System/Library/Frameworks/CFNetwork.framework/Versions/A/CFNetwork
0x000000001a277000 	/System/Library/Frameworks/SystemConfiguration.framework/Versions/A/SystemConfiguration
0x000000001a277000 	/usr/lib/libCRFSuite.dylib
0x000000001a277000 	/usr/lib/libc++.1.dylib
0x000000001a277000 	/usr/lib/libc++abi.dylib
0x000000001a277000 	/usr/lib/system/libcache.dylib
0x000000001a277000 	/usr/lib/system/libcommonCrypto.dylib
0x000000001a277000 	/usr/lib/system/libcompiler_rt.dylib
0x000000001a277000 	/usr/lib/system/libcopyfile.dylib
0x000000001a277000 	/usr/lib/system/libcorecrypto.dylib
0x000000001a277000 	/usr/lib/system/libdispatch.dylib
0x000000001a277000 	/usr/lib/system/libdyld.dylib
0x000000001a277000 	/usr/lib/system/libkeymgr.dylib
0x000000001a277000 	/usr/lib/system/liblaunch.dylib
0x000000001a277000 	/usr/lib/system/libmacho.dylib
0x000000001a277000 	/usr/lib/system/libquarantine.dylib
0x000000001a277000 	/usr/lib/system/libremovefile.dylib
0x000000001a277000 	/usr/lib/system/libsystem_asl.dylib
0x000000001a277000 	/usr/lib/system/libsystem_blocks.dylib
0x000000001a277000 	/usr/lib/system/libsystem_c.dylib
0x000000001a277000 	/usr/lib/system/libsystem_configuration.dylib
0x000000001a277000 	/usr/lib/system/libsystem_coreservices.dylib
0x000000001a277000 	/usr/lib/system/libsystem_darwin.dylib
0x000000001a277000 	/usr/lib/system/libsystem_dnssd.dylib
0x000000001a277000 	/usr/lib/system/libsystem_info.dylib
0x000000001a277000 	/usr/lib/system/libsystem_m.dylib
0x000000001a277000 	/usr/lib/system/libsystem_malloc.dylib
0x000000001a277000 	/usr/lib/system/libsystem_networkextension.dylib
0x000000001a277000 	/usr/lib/system/libsystem_notify.dylib
0x000000001a277000 	/usr/lib/system/libsystem_sandbox.dylib
0x000000001a277000 	/usr/lib/system/libsystem_secinit.dylib
0x000000001a277000 	/usr/lib/system/libsystem_kernel.dylib
0x000000001a277000 	/usr/lib/system/libsystem_platform.dylib
0x000000001a277000 	/usr/lib/system/libsystem_pthread.dylib
0x000000001a277000 	/usr/lib/system/libsystem_symptoms.dylib
0x000000001a277000 	/usr/lib/system/libsystem_trace.dylib
0x000000001a277000 	/usr/lib/system/libunwind.dylib
0x000000001a277000 	/usr/lib/system/libxpc.dylib
0x000000001a277000 	/usr/lib/libbsm.0.dylib
0x000000001a277000 	/usr/lib/system/libkxld.dylib
0x000000001a277000 	/System/Library/PrivateFrameworks/AppleFSCompression.framework/Versions/A/AppleFSCompression
0x000000001a277000 	/usr/lib/libOpenScriptingUtil.dylib
0x000000001a277000 	/usr/lib/libcoretls.dylib
0x000000001a277000 	/usr/lib/libcoretls_cfhelpers.dylib
0x000000001a277000 	/usr/lib/libpam.2.dylib
0x000000001a277000 	/usr/lib/libsqlite3.dylib
0x000000001a277000 	/usr/lib/libxar.1.dylib
0x000000001a277000 	/usr/lib/libbz2.1.0.dylib
0x000000001a277000 	/usr/lib/liblzma.5.dylib
0x000000001a277000 	/usr/lib/libnetwork.dylib
0x000000001a277000 	/usr/lib/libapple_nghttp2.dylib
0x000000001a277000 	/usr/lib/libpcap.A.dylib
0x000000001a277000 	/System/Library/Frameworks/CoreServices.framework/Versions/A/Frameworks/FSEvents.framework/Versions/A/FSEvents
0x000000001a277000 	/System/Library/Frameworks/CoreServices.framework/Versions/A/Frameworks/CarbonCore.framework/Versions/A/CarbonCore
0x000000001a277000 	/System/Library/Frameworks/CoreServices.framework/Versions/A/Frameworks/Metadata.framework/Versions/A/Metadata
0x000000001a277000 	/System/Library/Frameworks/CoreServices.framework/Versions/A/Frameworks/OSServices.framework/Versions/A/OSServices
0x000000001a277000 	/System/Library/Frameworks/CoreServices.framework/Versions/A/Frameworks/SearchKit.framework/Versions/A/SearchKit
0x000000001a277000 	/System/Library/Frameworks/CoreServices.framework/Versions/A/Frameworks/AE.framework/Versions/A/AE
0x000000001a277000 	/System/Library/Frameworks/CoreServices.framework/Versions/A/Frameworks/LaunchServices.framework/Versions/A/LaunchServices
0x000000001a277000 	/System/Library/Frameworks/CoreServices.framework/Versions/A/Frameworks/DictionaryServices.framework/Versions/A/DictionaryServices
0x000000001a277000 	/System/Library/Frameworks/CoreServices.framework/Versions/A/Frameworks/SharedFileList.framework/Versions/A/SharedFileList
0x000000001a277000 	/System/Library/Frameworks/NetFS.framework/Versions/A/NetFS
0x000000001a277000 	/System/Library/PrivateFrameworks/NetAuth.framework/Versions/A/NetAuth
0x000000001a277000 	/System/Library/PrivateFrameworks/login.framework/Versions/A/Frameworks/loginsupport.framework/Versions/A/loginsupport
0x000000001a277000 	/System/Library/PrivateFrameworks/TCC.framework/Versions/A/TCC
0x000000001a277000 	/System/Library/PrivateFrameworks/CoreNLP.framework/Versions/A/CoreNLP
0x000000001a277000 	/System/Library/PrivateFrameworks/MetadataUtilities.framework/Versions/A/MetadataUtilities
0x000000001a277000 	/usr/lib/libmecabra.dylib
0x000000001a277000 	/System/Library/Frameworks/ApplicationServices.framework/Versions/A/Frameworks/ATS.framework/Versions/A/ATS
0x000000001a277000 	/System/Library/Frameworks/ApplicationServices.framework/Versions/A/Frameworks/ColorSyncLegacy.framework/Versions/A/ColorSyncLegacy
0x000000001a277000 	/System/Library/Frameworks/ApplicationServices.framework/Versions/A/Frameworks/HIServices.framework/Versions/A/HIServices
0x000000001a277000 	/System/Library/Frameworks/ApplicationServices.framework/Versions/A/Frameworks/LangAnalysis.framework/Versions/A/LangAnalysis
0x000000001a277000 	/System/Library/Frameworks/ApplicationServices.framework/Versions/A/Frameworks/PrintCore.framework/Versions/A/PrintCore
0x000000001a277000 	/System/Library/Frameworks/ApplicationServices.framework/Versions/A/Frameworks/QD.framework/Versions/A/QD
0x000000001a277000 	/System/Library/Frameworks/ApplicationServices.framework/Versions/A/Frameworks/SpeechSynthesis.framework/Versions/A/SpeechSynthesis
0x000000001a277000 	/usr/lib/libcompression.dylib
0x000000001a277000 	/System/Library/Frameworks/CoreDisplay.framework/Versions/A/CoreDisplay
0x000000001a277000 	/System/Library/Frameworks/MetalPerformanceShaders.framework/Versions/A/MetalPerformanceShaders
0x000000001a277000 	/System/Library/Frameworks/Accelerate.framework/Versions/A/Frameworks/vImage.framework/Versions/A/vImage
0x000000001a277000 	/System/Library/Frameworks/Accelerate.framework/Versions/A/Frameworks/vecLib.framework/Versions/A/vecLib
0x000000001a277000 	/System/Library/Frameworks/Accelerate.framework/Versions/A/Frameworks/vecLib.framework/Versions/A/libvMisc.dylib
0x000000001a277000 	/System/Library/Frameworks/Accelerate.framework/Versions/A/Frameworks/vecLib.framework/Versions/A/libvDSP.dylib
0x000000001a277000 	/System/Library/Frameworks/Accelerate.framework/Versions/A/Frameworks/vecLib.framework/Versions/A/libBLAS.dylib
0x000000001a277000 	/System/Library/Frameworks/Accelerate.framework/Versions/A/Frameworks/vecLib.framework/Versions/A/libLAPACK.dylib
0x000000001a277000 	/System/Library/Frameworks/Accelerate.framework/Versions/A/Frameworks/vecLib.framework/Versions/A/libLinearAlgebra.dylib
0x000000001a277000 	/System/Library/Frameworks/Accelerate.framework/Versions/A/Frameworks/vecLib.framework/Versions/A/libSparseBLAS.dylib
0x000000001a277000 	/System/Library/Frameworks/Accelerate.framework/Versions/A/Frameworks/vecLib.framework/Versions/A/libQuadrature.dylib
0x000000001a277000 	/System/Library/Frameworks/Accelerate.framework/Versions/A/Frameworks/vecLib.framework/Versions/A/libBNNS.dylib
0x000000001a277000 	/System/Library/Frameworks/Accelerate.framework/Versions/A/Frameworks/vecLib.framework/Versions/A/libSparse.dylib
0x000000001a277000 	/System/Library/PrivateFrameworks/GPUWrangler.framework/Versions/A/GPUWrangler
0x000000001a277000 	/System/Library/PrivateFrameworks/IOAccelerator.framework/Versions/A/IOAccelerator
0x000000001a277000 	/System/Library/PrivateFrameworks/IOPresentment.framework/Versions/A/IOPresentment
0x000000001a277000 	/System/Library/PrivateFrameworks/DSExternalDisplay.framework/Versions/A/DSExternalDisplay
0x000000001a277000 	/System/Library/Frameworks/OpenGL.framework/Versions/A/Libraries/libCoreFSCache.dylib
0x000000001a277000 	/System/Library/Frameworks/MetalPerformanceShaders.framework/Frameworks/MPSCore.framework/Versions/A/MPSCore
0x000000001a277000 	/System/Library/Frameworks/MetalPerformanceShaders.framework/Frameworks/MPSImage.framework/Versions/A/MPSImage
0x000000001a277000 	/System/Library/Frameworks/MetalPerformanceShaders.framework/Frameworks/MPSNeuralNetwork.framework/Versions/A/MPSNeuralNetwork
0x000000001a277000 	/System/Library/Frameworks/MetalPerformanceShaders.framework/Frameworks/MPSMatrix.framework/Versions/A/MPSMatrix
0x000000001a277000 	/System/Library/Frameworks/MetalPerformanceShaders.framework/Frameworks/MPSRayIntersector.framework/Versions/A/MPSRayIntersector
0x000000001a277000 	/System/Library/PrivateFrameworks/MetalTools.framework/Versions/A/MetalTools
0x000000001a277000 	/System/Library/PrivateFrameworks/AggregateDictionary.framework/Versions/A/AggregateDictionary
0x000000001a277000 	/usr/lib/libMobileGestalt.dylib
0x000000001a277000 	/System/Library/Frameworks/CoreVideo.framework/Versions/A/CoreVideo
0x000000001a277000 	/System/Library/PrivateFrameworks/GraphVisualizer.framework/Versions/A/GraphVisualizer
0x000000001a277000 	/System/Library/PrivateFrameworks/FaceCore.framework/Versions/A/FaceCore
0x000000001a277000 	/System/Library/Frameworks/OpenCL.framework/Versions/A/OpenCL
0x000000001a277000 	/usr/lib/libFosl_dynamic.dylib
0x000000001a277000 	/System/Library/PrivateFrameworks/OTSVG.framework/Versions/A/OTSVG
0x000000001a277000 	/System/Library/Frameworks/ApplicationServices.framework/Versions/A/Frameworks/ATS.framework/Versions/A/Resources/libFontParser.dylib
0x000000001a277000 	/System/Library/Frameworks/ApplicationServices.framework/Versions/A/Frameworks/ATS.framework/Versions/A/Resources/libFontRegistry.dylib
0x000000001a277000 	/System/Library/Frameworks/ImageIO.framework/Versions/A/Resources/libJPEG.dylib
0x000000001a277000 	/System/Library/Frameworks/ImageIO.framework/Versions/A/Resources/libTIFF.dylib
0x000000001a277000 	/System/Library/Frameworks/ImageIO.framework/Versions/A/Resources/libPng.dylib
0x000000001a277000 	/System/Library/Frameworks/ImageIO.framework/Versions/A/Resources/libGIF.dylib
0x000000001a277000 	/System/Library/Frameworks/ImageIO.framework/Versions/A/Resources/libJP2.dylib
0x000000001a277000 	/System/Library/Frameworks/ImageIO.framework/Versions/A/Resources/libRadiance.dylib
0x000000001a277000 	/System/Library/PrivateFrameworks/AppleJPEG.framework/Versions/A/AppleJPEG
0x000000001a277000 	/System/Library/Frameworks/OpenGL.framework/Versions/A/Libraries/libGFXShared.dylib
0x000000001a277000 	/System/Library/Frameworks/OpenGL.framework/Versions/A/Libraries/libGLU.dylib
0x000000001a277000 	/System/Library/Frameworks/OpenGL.framework/Versions/A/Libraries/libGL.dylib
0x000000001a277000 	/System/Library/Frameworks/OpenGL.framework/Versions/A/Libraries/libGLImage.dylib
0x000000001a277000 	/System/Library/Frameworks/OpenGL.framework/Versions/A/Libraries/libCVMSPluginSupport.dylib
0x000000001a277000 	/System/Library/Frameworks/OpenGL.framework/Versions/A/Libraries/libCoreVMClient.dylib
0x000000001a277000 	/usr/lib/libcups.2.dylib
0x000000001a277000 	/System/Library/Frameworks/Kerberos.framework/Versions/A/Kerberos
0x000000001a277000 	/System/Library/Frameworks/GSS.framework/Versions/A/GSS
0x000000001a277000 	/usr/lib/libresolv.9.dylib
0x000000001a277000 	/usr/lib/libiconv.2.dylib
0x000000001a277000 	/System/Library/PrivateFrameworks/Heimdal.framework/Versions/A/Heimdal
0x000000001a277000 	/usr/lib/libheimdal-asn1.dylib
0x000000001a277000 	/System/Library/Frameworks/OpenDirectory.framework/Versions/A/OpenDirectory
0x000000001a277000 	/System/Library/PrivateFrameworks/CommonAuth.framework/Versions/A/CommonAuth
0x000000001a277000 	/System/Library/Frameworks/OpenDirectory.framework/Versions/A/Frameworks/CFOpenDirectory.framework/Versions/A/CFOpenDirectory
0x000000001a277000 	/System/Library/Frameworks/SecurityFoundation.framework/Versions/A/SecurityFoundation
0x000000001a277000 	/System/Library/PrivateFrameworks/APFS.framework/Versions/A/APFS
0x000000001a277000 	/usr/lib/libutil.dylib
0x000000001a277000 	/usr/lib/libcharset.1.dylib
0x000000001a277000 	/System/Library/PrivateFrameworks/AppleSauce.framework/Versions/A/AppleSauce
0x000000001a277000 	/System/Library/PrivateFrameworks/AssertionServices.framework/Versions/A/AssertionServices
0x000000001a277000 	/System/Library/PrivateFrameworks/BaseBoard.framework/Versions/A/BaseBoard
0x000000001a277000 	/usr/lib/libmecab.1.0.0.dylib
0x000000001a277000 	/usr/lib/libgermantok.dylib
0x000000001a277000 	/usr/lib/libThaiTokenizer.dylib
0x000000001a277000 	/usr/lib/libChineseTokenizer.dylib
0x000000001a277000 	/System/Library/PrivateFrameworks/LanguageModeling.framework/Versions/A/LanguageModeling
0x000000001a277000 	/System/Library/PrivateFrameworks/CoreEmoji.framework/Versions/A/CoreEmoji
0x000000001a277000 	/System/Library/PrivateFrameworks/Lexicon.framework/Versions/A/Lexicon
0x000000001a277000 	/System/Library/PrivateFrameworks/LinguisticData.framework/Versions/A/LinguisticData
0x000000001a277000 	/usr/lib/libcmph.dylib
0x000000001a277000 	/System/Library/Frameworks/ServiceManagement.framework/Versions/A/ServiceManagement
0x000000001a277000 	/System/Library/PrivateFrameworks/BackgroundTaskManagement.framework/Versions/A/BackgroundTaskManagement
0x000000001a277000 	/usr/lib/libxslt.1.dylib
0x000000001a277000 	/System/Library/Frameworks/Carbon.framework/Versions/A/Frameworks/Ink.framework/Versions/A/Ink
0x000000001a277000 	/System/Library/PrivateFrameworks/TextureIO.framework/Versions/A/TextureIO
0x000000001a277000 	/usr/lib/libate.dylib
0x000000001a277000 	/System/Library/PrivateFrameworks/CrashReporterSupport.framework/Versions/A/CrashReporterSupport
0x000000001a277000 	/System/Library/PrivateFrameworks/Sharing.framework/Versions/A/Sharing
0x000000001a277000 	/System/Library/PrivateFrameworks/AuthKit.framework/Versions/A/AuthKit
0x000000001a277000 	/System/Library/PrivateFrameworks/Apple80211.framework/Versions/A/Apple80211
0x000000001a277000 	/System/Library/PrivateFrameworks/CoreUtils.framework/Versions/A/CoreUtils
0x000000001a277000 	/System/Library/Frameworks/CoreWLAN.framework/Versions/A/CoreWLAN
0x000000001a277000 	/System/Library/Frameworks/IOBluetooth.framework/Versions/A/IOBluetooth
0x000000001a277000 	/System/Library/PrivateFrameworks/ProtocolBuffer.framework/Versions/A/ProtocolBuffer
0x000000001a277000 	/System/Library/PrivateFrameworks/MobileKeyBag.framework/Versions/A/MobileKeyBag
0x000000001a277000 	/System/Library/PrivateFrameworks/CorePhoneNumbers.framework/Versions/A/CorePhoneNumbers
0x000000001a277000 	/System/Library/PrivateFrameworks/AppleIDAuthSupport.framework/Versions/A/AppleIDAuthSupport
0x000000001a277000 	/System/Library/PrivateFrameworks/KeychainCircle.framework/Versions/A/KeychainCircle
0x000000001a277000 	/System/Library/PrivateFrameworks/ROCKit.framework/Versions/A/ROCKit
0x000000001a277000 	/System/Library/PrivateFrameworks/CoreWiFi.framework/Versions/A/CoreWiFi
0x000000001a277000 	/System/Library/Frameworks/CoreBluetooth.framework/Versions/A/CoreBluetooth
0x000000001a277000 	/System/Library/PrivateFrameworks/DebugSymbols.framework/Versions/A/DebugSymbols
0x000000001a277000 	/System/Library/PrivateFrameworks/CoreSymbolication.framework/Versions/A/CoreSymbolication
0x000000001a277000 	/System/Library/PrivateFrameworks/Symbolication.framework/Versions/A/Symbolication
0x000000001a277000 	/System/Library/PrivateFrameworks/SpeechRecognitionCore.framework/Versions/A/SpeechRecognitionCore
0x0000000104000000 	/Library/Java/JavaVirtualMachines/jdk1.8.0_66.jdk/Contents/Home/jre/lib/server/libjvm.dylib
0x000000001a277000 	/usr/lib/libstdc++.6.dylib
0x0000000102eb9000 	/Library/Java/JavaVirtualMachines/jdk1.8.0_66.jdk/Contents/Home/jre/lib/libverify.dylib
0x0000000102ec7000 	/Library/Java/JavaVirtualMachines/jdk1.8.0_66.jdk/Contents/Home/jre/lib/libjava.dylib
0x0000000102f46000 	/Library/Java/JavaVirtualMachines/jdk1.8.0_66.jdk/Contents/Home/jre/lib/libzip.dylib
0x000000001a277000 	/System/Library/Frameworks/JavaVM.framework/Versions/A/Frameworks/JavaRuntimeSupport.framework/Versions/A/JavaRuntimeSupport
0x000000001a277000 	/System/Library/Frameworks/JavaVM.framework/Versions/A/Frameworks/JavaNativeFoundation.framework/Versions/A/JavaNativeFoundation
0x000000001a277000 	/System/Library/Frameworks/JavaVM.framework/Versions/A/JavaVM
0x000000001a277000 	/System/Library/Frameworks/Carbon.framework/Versions/A/Carbon
0x000000001a277000 	/System/Library/PrivateFrameworks/JavaLaunching.framework/Versions/A/JavaLaunching
0x000000001a277000 	/System/Library/Frameworks/Carbon.framework/Versions/A/Frameworks/CommonPanels.framework/Versions/A/CommonPanels
0x000000001a277000 	/System/Library/Frameworks/Carbon.framework/Versions/A/Frameworks/Help.framework/Versions/A/Help
0x000000001a277000 	/System/Library/Frameworks/Carbon.framework/Versions/A/Frameworks/ImageCapture.framework/Versions/A/ImageCapture
0x000000001a277000 	/System/Library/Frameworks/Carbon.framework/Versions/A/Frameworks/OpenScripting.framework/Versions/A/OpenScripting
0x000000001a277000 	/System/Library/Frameworks/Carbon.framework/Versions/A/Frameworks/Print.framework/Versions/A/Print
0x000000001a277000 	/System/Library/Frameworks/Carbon.framework/Versions/A/Frameworks/SecurityHI.framework/Versions/A/SecurityHI
0x0000000121b0b000 	/Library/Java/JavaVirtualMachines/jdk1.8.0_66.jdk/Contents/Home/jre/lib/libnet.dylib
0x0000000121bba000 	/Users/Eric/git/monero-java-rpc/lib/libmonero-java.dylib
0x0000000121df1000 	/Users/Eric/git/monero-java-rpc/external-libs/libmonero-cpp.dylib
0x00000001230b4000 	/Library/Java/JavaVirtualMachines/jdk1.8.0_66.jdk/Contents/Home/jre/lib/libsunec.dylib

VM Arguments:
jvm_args: -ea -Djava.library.path=/Users/Eric/git/monero-java-rpc/lib:/Users/Eric/git/monero-java-rpc/src/main/cpp/build -Dfile.encoding=UTF-8 
java_command: org.eclipse.jdt.internal.junit.runner.RemoteTestRunner -version 3 -port 53487 -testLoaderClass org.eclipse.jdt.internal.junit4.runner.JUnit4TestLoader -loaderpluginname org.eclipse.jdt.junit4.runtime -test test.TestMoneroWalletJni:testGetAccountsWithoutSubaddresses
java_class_path (initial): /Users/Eric/git/monero-java-rpc/target/test-classes:/Users/Eric/git/monero-java-rpc/target/classes:/Users/Eric/.p2/pool/plugins/org.junit_4.12.0.v201504281640/junit.jar:/Users/Eric/.p2/pool/plugins/org.hamcrest.core_1.3.0.v201303031735.jar:/Users/Eric/.m2/repository/com/fasterxml/jackson/core/jackson-core/2.9.8/jackson-core-2.9.8.jar:/Users/Eric/.m2/repository/com/fasterxml/jackson/core/jackson-databind/2.9.8/jackson-databind-2.9.8.jar:/Users/Eric/.m2/repository/com/fasterxml/jackson/core/jackson-annotations/2.9.0/jackson-annotations-2.9.0.jar:/Users/Eric/.m2/repository/com/fasterxml/jackson/module/jackson-module-jaxb-annotations/2.9.8/jackson-module-jaxb-annotations-2.9.8.jar:/Users/Eric/.m2/repository/org/apache/httpcomponents/httpclient/4.5.3/httpclient-4.5.3.jar:/Users/Eric/.m2/repository/org/apache/httpcomponents/httpcore/4.4.6/httpcore-4.4.6.jar:/Users/Eric/.m2/repository/commons-logging/commons-logging/1.2/commons-logging-1.2.jar:/Users/Eric/.m2/repository/commons-codec/commons-codec/1.9/commons-codec-1.9.jar:/Users/Eric/.m2/repository/commons-io/commons-io/2.5/commons-io-2.5.jar:/Users/Eric/.m2/repository/com/google/guava/guava/21.0/guava-21.0.jar:/Users/Eric/.m2/repository/log4j/log4j/1.2.17/log4j-1.2.17.jar:/Users/Eric/.m2/repository/junit/junit/4.12/junit-4.12.jar:/Users/Eric/.m2/repository/org/hamcrest/hamcrest-core/1.3/hamcrest-core-1.3.jar:/Users/Eric/eclipse/javascript-oxygen/Eclipse.app/Contents/Eclipse/configuration/org.eclipse.osgi/707/0/.cp:/Users/Eric/eclipse/javascript-oxygen/Eclipse.app/Contents/Eclipse/configuration/org.eclipse.osgi/493/0/.cp
Launcher Type: SUN_STANDARD

Environment Variables:
PATH=/usr/bin:/bin:/usr/sbin:/sbin
SHELL=/bin/bash

Signal Handlers:
SIGSEGV: [libjvm.dylib+0x5a65d5], sa_mask[0]=11111111011111110111111111111111, sa_flags=SA_ONSTACK|SA_RESTART|SA_SIGINFO
SIGBUS: [libjvm.dylib+0x5a65d5], sa_mask[0]=11111111011111110111111111111111, sa_flags=SA_RESTART|SA_SIGINFO
SIGFPE: [libjvm.dylib+0x4802e8], sa_mask[0]=11111111011111110111111111111111, sa_flags=SA_RESTART|SA_SIGINFO
SIGPIPE: [libjvm.dylib+0x4802e8], sa_mask[0]=11111111011111110111111111111111, sa_flags=SA_RESTART|SA_SIGINFO
SIGXFSZ: [libjvm.dylib+0x4802e8], sa_mask[0]=11111111011111110111111111111111, sa_flags=SA_RESTART|SA_SIGINFO
SIGILL: [libjvm.dylib+0x4802e8], sa_mask[0]=11111111011111110111111111111111, sa_flags=SA_RESTART|SA_SIGINFO
SIGUSR1: SIG_DFL, sa_mask[0]=00000000000000000000000000000000, sa_flags=none
SIGUSR2: [libjvm.dylib+0x47fe06], sa_mask[0]=00100000000000000000000000000000, sa_flags=SA_RESTART|SA_SIGINFO
SIGHUP: [libjvm.dylib+0x47e3dd], sa_mask[0]=11111111011111110111111111111111, sa_flags=SA_RESTART|SA_SIGINFO
SIGINT: [libjvm.dylib+0x47e3dd], sa_mask[0]=11111111011111110111111111111111, sa_flags=SA_RESTART|SA_SIGINFO
SIGTERM: [libjvm.dylib+0x47e3dd], sa_mask[0]=11111111011111110111111111111111, sa_flags=SA_RESTART|SA_SIGINFO
SIGQUIT: [libjvm.dylib+0x47e3dd], sa_mask[0]=11111111011111110111111111111111, sa_flags=SA_RESTART|SA_SIGINFO


---------------  S Y S T E M  ---------------

OS:Bsduname:Darwin 18.5.0 Darwin Kernel Version 18.5.0: Mon Mar 11 20:40:32 PDT 2019; root:xnu-4903.251.3~3/RELEASE_X86_64 x86_64
rlimit: STACK 8192k, CORE 0k, NPROC 1418, NOFILE 10240, AS infinity
load average:2.16 2.16 2.02

CPU:total 8 (4 cores per cpu, 2 threads per core) family 6 model 70 stepping 1, cmov, cx8, fxsr, mmx, sse, sse2, sse3, ssse3, sse4.1, sse4.2, popcnt, avx, avx2, aes, clmul, erms, lzcnt, ht, tsc, tscinvbit, bmi1, bmi2

Memory: 4k page, physical 16777216k(490356k free)

/proc/meminfo:


vm_info: Java HotSpot(TM) 64-Bit Server VM (25.66-b17) for bsd-amd64 JRE (1.8.0_66-b17), built on Oct  6 2015 16:09:13 by "java_re" with gcc 4.2.1 (Based on Apple Inc. build 5658) (LLVM build 2336.11.00)

time: Thu May 30 21:20:00 2019
elapsed time: 4 seconds (0d 0h 0m 4s)

